[34mWelcome to the QDSim program built on top of the QuantumDynamics.jl library:[39m
[31m- Bose, A. QuantumDynamics.jl: A Modular Approach to Simulations of Dynamics of Open Quantum Systems. The Journal of Chemical Physics 2023, 158 (20), 204113. https://doi.org/10.1063/5.0151483.[39m
[36m[1m[ [22m[39m[36m[1mInfo: [22m[39mUsing LBTConfig([ILP64] libmkl_rt.so, [LP64] libmkl_rt.so) for linear algebra.
[36m[1m[ [22m[39m[36m[1mInfo: [22m[39mRunning a complex time QuAPI simulation. Please cite:
[31m- Topaler, M.; Makri, N. Quantum rates for a double well coupled to a dissipative bath: Accurate path integral results and comparison with approximate theories. The Journal of Chemical Physics 1994, 101 (9), 7500-7519.[39m
[31m- Bose, A. Quantum correlation functions through tensor network path integral. The Journal of Chemical Physics 2023, 159 (21), 214110.[39m
[36m[1m[ [22m[39m[36m[1mInfo: [22m[39mRunning with 112 threads.
[36m[1m[ [22m[39m[36m[1mInfo: [22m[39mCalculating the partition function for normalization.
[36m[1m[ [22m[39m[36m[1mInfo: [22m[39mPartition function = 2.1062471833151486.
[36m[1m[ [22m[39m[36m[1mInfo: [22m[39mSaving the equilibrium density matrix.
[36m[1m[ [22m[39m[36m[1mInfo: [22m[39mStep = 1; number of paths = 928, time = 18.053 sec; memory allocated = 2912.42 GB; gc time = 1.912 sec
[36m[1m[ [22m[39m[36m[1mInfo: [22m[39mStep = 2; number of paths = 82002, time = 20.682 sec; memory allocated = 2970.668 GB; gc time = 2.016 sec
[36m[1m[ [22m[39m[36m[1mInfo: [22m[39mStep = 3; number of paths = 106202, time = 21.549 sec; memory allocated = 2991.577 GB; gc time = 2.541 sec
[36m[1m[ [22m[39m[36m[1mInfo: [22m[39mStep = 4; number of paths = 303542, time = 20.941 sec; memory allocated = 3167.383 GB; gc time = 1.916 sec
[36m[1m[ [22m[39m[36m[1mInfo: [22m[39mStep = 5; number of paths = 376142, time = 22.61 sec; memory allocated = 3230.109 GB; gc time = 2.092 sec
[36m[1m[ [22m[39m[36m[1mInfo: [22m[39mStep = 6; number of paths = 934172, time = 21.774 sec; memory allocated = 3717.027 GB; gc time = 1.99 sec
[36m[1m[ [22m[39m[36m[1mInfo: [22m[39mStep = 7; number of paths = 1655552, time = 22.273 sec; memory allocated = 4345.079 GB; gc time = 2.135 sec
[36m[1m[ [22m[39m[36m[1mInfo: [22m[39mStep = 8; number of paths = 1655552, time = 23.635 sec; memory allocated = 4345.079 GB; gc time = 2.184 sec
[36m[1m[ [22m[39m[36m[1mInfo: [22m[39mStep = 9; number of paths = 2308952, time = 22.026 sec; memory allocated = 4909.616 GB; gc time = 2.131 sec
[36m[1m[ [22m[39m[36m[1mInfo: [22m[39mStep = 10; number of paths = 2308952, time = 22.468 sec; memory allocated = 4909.616 GB; gc time = 2.2 sec
[36m[1m[ [22m[39m[36m[1mInfo: [22m[39mStep = 11; number of paths = 6498104, time = 25.773 sec; memory allocated = 8535.793 GB; gc time = 3.534 sec
[36m[1m[ [22m[39m[36m[1mInfo: [22m[39mStep = 12; number of paths = 6498104, time = 25.498 sec; memory allocated = 8535.793 GB; gc time = 3.181 sec
[36m[1m[ [22m[39m[36m[1mInfo: [22m[39mStep = 13; number of paths = 7961720, time = 25.788 sec; memory allocated = 9800.357 GB; gc time = 3.755 sec
[36m[1m[ [22m[39m[36m[1mInfo: [22m[39mStep = 14; number of paths = 7961720, time = 26.13 sec; memory allocated = 9800.357 GB; gc time = 3.918 sec
[36m[1m[ [22m[39m[36m[1mInfo: [22m[39mStep = 15; number of paths = 10160840, time = 27.275 sec; memory allocated = 11702.69 GB; gc time = 4.618 sec
[36m[1m[ [22m[39m[36m[1mInfo: [22m[39mStep = 16; number of paths = 15531128, time = 31.189 sec; memory allocated = 16344.911 GB; gc time = 6.682 sec
[36m[1m[ [22m[39m[36m[1mInfo: [22m[39mStep = 17; number of paths = 15531128, time = 30.024 sec; memory allocated = 16344.911 GB; gc time = 6.637 sec
[36m[1m[ [22m[39m[36m[1mInfo: [22m[39mStep = 18; number of paths = 17238680, time = 31.36 sec; memory allocated = 17820.236 GB; gc time = 7.34 sec
[36m[1m[ [22m[39m[36m[1mInfo: [22m[39mStep = 19; number of paths = 17238680, time = 31.295 sec; memory allocated = 17820.236 GB; gc time = 7.845 sec
[36m[1m[ [22m[39m[36m[1mInfo: [22m[39mStep = 20; number of paths = 25119608, time = 37.291 sec; memory allocated = 24631.372 GB; gc time = 10.836 sec
[36m[1m[ [22m[39m[36m[1mInfo: [22m[39mStep = 21; number of paths = 25119608, time = 39.342 sec; memory allocated = 24631.372 GB; gc time = 10.635 sec
[36m[1m[ [22m[39m[36m[1mInfo: [22m[39mStep = 22; number of paths = 25119608, time = 36.305 sec; memory allocated = 24631.372 GB; gc time = 10.718 sec
[36m[1m[ [22m[39m[36m[1mInfo: [22m[39mStep = 23; number of paths = 26165048, time = 35.479 sec; memory allocated = 25534.632 GB; gc time = 10.79 sec
[36m[1m[ [22m[39m[36m[1mInfo: [22m[39mStep = 24; number of paths = 26165048, time = 37.425 sec; memory allocated = 25534.811 GB; gc time = 11.119 sec
[36m[1m[ [22m[39m[36m[1mInfo: [22m[39mStep = 25; number of paths = 31013738, time = 38.522 sec; memory allocated = 29724.663 GB; gc time = 13.133 sec
[36m[1m[ [22m[39m[36m[1mInfo: [22m[39mStep = 26; number of paths = 31013738, time = 40.465 sec; memory allocated = 29724.663 GB; gc time = 12.916 sec
[36m[1m[ [22m[39m[36m[1mInfo: [22m[39mStep = 27; number of paths = 31340438, time = 39.726 sec; memory allocated = 30006.932 GB; gc time = 12.924 sec
[36m[1m[ [22m[39m[36m[1mInfo: [22m[39mStep = 28; number of paths = 31340438, time = 42.971 sec; memory allocated = 30006.962 GB; gc time = 13.41 sec
[36m[1m[ [22m[39m[36m[1mInfo: [22m[39mStep = 29; number of paths = 33107918, time = 42.93 sec; memory allocated = 31534.235 GB; gc time = 13.665 sec
[36m[1m[ [22m[39m[36m[1mInfo: [22m[39mStep = 30; number of paths = 33107918, time = 39.677 sec; memory allocated = 31534.235 GB; gc time = 13.272 sec
[36m[1m[ [22m[39m[36m[1mInfo: [22m[39mStep = 31; number of paths = 33156318, time = 40.7 sec; memory allocated = 31576.053 GB; gc time = 13.16 sec
[36m[1m[ [22m[39m[36m[1mInfo: [22m[39mStep = 32; number of paths = 33328226, time = 42.056 sec; memory allocated = 31724.6 GB; gc time = 13.865 sec
[36m[1m[ [22m[39m[36m[1mInfo: [22m[39mStep = 33; number of paths = 33518526, time = 41.039 sec; memory allocated = 31889.034 GB; gc time = 14.386 sec
[36m[1m[ [22m[39m[36m[1mInfo: [22m[39mStep = 34; number of paths = 33521430, time = 40.827 sec; memory allocated = 31891.543 GB; gc time = 13.862 sec
[36m[1m[ [22m[39m[36m[1mInfo: [22m[39mStep = 35; number of paths = 33521430, time = 43.796 sec; memory allocated = 31891.543 GB; gc time = 14.565 sec
[36m[1m[ [22m[39m[36m[1mInfo: [22m[39mStep = 36; number of paths = 33554382, time = 43.631 sec; memory allocated = 31920.016 GB; gc time = 14.424 sec
[36m[1m[ [22m[39m[36m[1mInfo: [22m[39mStep = 37; number of paths = 33554382, time = 40.789 sec; memory allocated = 31920.016 GB; gc time = 13.695 sec
[36m[1m[ [22m[39m[36m[1mInfo: [22m[39mStep = 38; number of paths = 33554430, time = 40.999 sec; memory allocated = 31920.057 GB; gc time = 14.14 sec
[36m[1m[ [22m[39m[36m[1mInfo: [22m[39mStep = 39; number of paths = 33554432, time = 42.498 sec; memory allocated = 31920.059 GB; gc time = 13.758 sec
[36m[1m[ [22m[39m[36m[1mInfo: [22m[39mStep = 40; number of paths = 33554432, time = 40.328 sec; memory allocated = 31920.059 GB; gc time = 13.574 sec
[36m[1m[ [22m[39m[36m[1mInfo: [22m[39mStep = 41; number of paths = 33554432, time = 41.846 sec; memory allocated = 31920.059 GB; gc time = 14.122 sec
[36m[1m[ [22m[39m[36m[1mInfo: [22m[39mStep = 42; number of paths = 33554432, time = 41.772 sec; memory allocated = 31920.059 GB; gc time = 13.807 sec
[36m[1m[ [22m[39m[36m[1mInfo: [22m[39mStep = 43; number of paths = 33554432, time = 41.256 sec; memory allocated = 31920.059 GB; gc time = 13.832 sec
[36m[1m[ [22m[39m[36m[1mInfo: [22m[39mStep = 44; number of paths = 33554432, time = 37.506 sec; memory allocated = 31920.059 GB; gc time = 11.639 sec
[36m[1m[ [22m[39m[36m[1mInfo: [22m[39mStep = 45; number of paths = 33554432, time = 40.121 sec; memory allocated = 31920.059 GB; gc time = 13.141 sec
[36m[1m[ [22m[39m[36m[1mInfo: [22m[39mStep = 46; number of paths = 33554432, time = 39.094 sec; memory allocated = 31920.059 GB; gc time = 12.759 sec
[36m[1m[ [22m[39m[36m[1mInfo: [22m[39mStep = 47; number of paths = 33554432, time = 41.784 sec; memory allocated = 31920.059 GB; gc time = 14.298 sec
[36m[1m[ [22m[39m[36m[1mInfo: [22m[39mStep = 48; number of paths = 33554432, time = 41.087 sec; memory allocated = 31920.059 GB; gc time = 13.877 sec
[36m[1m[ [22m[39m[36m[1mInfo: [22m[39mStep = 49; number of paths = 33554432, time = 39.876 sec; memory allocated = 31920.059 GB; gc time = 12.63 sec
[36m[1m[ [22m[39m[36m[1mInfo: [22m[39mStep = 50; number of paths = 33554432, time = 40.388 sec; memory allocated = 31920.059 GB; gc time = 13.814 sec
[36m[1m[ [22m[39m[36m[1mInfo: [22m[39mStep = 51; number of paths = 33554432, time = 39.252 sec; memory allocated = 31920.059 GB; gc time = 13.263 sec
[36m[1m[ [22m[39m[36m[1mInfo: [22m[39mStep = 52; number of paths = 33554432, time = 42.115 sec; memory allocated = 31920.059 GB; gc time = 13.696 sec
[36m[1m[ [22m[39m[36m[1mInfo: [22m[39mStep = 53; number of paths = 33554432, time = 40.055 sec; memory allocated = 31920.059 GB; gc time = 13.158 sec
[36m[1m[ [22m[39m[36m[1mInfo: [22m[39mStep = 54; number of paths = 33554432, time = 42.092 sec; memory allocated = 31920.059 GB; gc time = 13.511 sec
[36m[1m[ [22m[39m[36m[1mInfo: [22m[39mStep = 55; number of paths = 33554432, time = 41.791 sec; memory allocated = 31920.059 GB; gc time = 13.708 sec
[36m[1m[ [22m[39m[36m[1mInfo: [22m[39mStep = 56; number of paths = 33554432, time = 42.084 sec; memory allocated = 31920.059 GB; gc time = 13.695 sec
[36m[1m[ [22m[39m[36m[1mInfo: [22m[39mStep = 57; number of paths = 33554432, time = 37.642 sec; memory allocated = 31920.059 GB; gc time = 11.028 sec
[36m[1m[ [22m[39m[36m[1mInfo: [22m[39mStep = 58; number of paths = 33554432, time = 36.391 sec; memory allocated = 31920.059 GB; gc time = 9.926 sec
[36m[1m[ [22m[39m[36m[1mInfo: [22m[39mStep = 59; number of paths = 33554432, time = 37.148 sec; memory allocated = 31920.059 GB; gc time = 9.542 sec
[36m[1m[ [22m[39m[36m[1mInfo: [22m[39mStep = 60; number of paths = 33554432, time = 36.338 sec; memory allocated = 31920.059 GB; gc time = 9.216 sec
[36m[1m[ [22m[39m[36m[1mInfo: [22m[39mStep = 61; number of paths = 33554432, time = 39.461 sec; memory allocated = 31920.059 GB; gc time = 11.115 sec
[36m[1m[ [22m[39m[36m[1mInfo: [22m[39mStep = 62; number of paths = 33554432, time = 38.831 sec; memory allocated = 31920.059 GB; gc time = 11.388 sec
[36m[1m[ [22m[39m[36m[1mInfo: [22m[39mStep = 63; number of paths = 33554432, time = 40.207 sec; memory allocated = 31920.059 GB; gc time = 12.271 sec
[36m[1m[ [22m[39m[36m[1mInfo: [22m[39mStep = 64; number of paths = 33554432, time = 40.972 sec; memory allocated = 31920.059 GB; gc time = 13.594 sec
[36m[1m[ [22m[39m[36m[1mInfo: [22m[39mStep = 65; number of paths = 33554432, time = 42.451 sec; memory allocated = 31920.059 GB; gc time = 13.789 sec
[36m[1m[ [22m[39m[36m[1mInfo: [22m[39mStep = 66; number of paths = 33554432, time = 40.956 sec; memory allocated = 31920.059 GB; gc time = 13.515 sec
[36m[1m[ [22m[39m[36m[1mInfo: [22m[39mStep = 67; number of paths = 33554432, time = 39.948 sec; memory allocated = 31920.059 GB; gc time = 13.487 sec
[36m[1m[ [22m[39m[36m[1mInfo: [22m[39mStep = 68; number of paths = 33554432, time = 39.719 sec; memory allocated = 31920.059 GB; gc time = 13.605 sec
[36m[1m[ [22m[39m[36m[1mInfo: [22m[39mStep = 69; number of paths = 33554432, time = 40.831 sec; memory allocated = 31920.059 GB; gc time = 13.346 sec
[36m[1m[ [22m[39m[36m[1mInfo: [22m[39mStep = 70; number of paths = 33554432, time = 38.458 sec; memory allocated = 31920.059 GB; gc time = 11.953 sec
[36m[1m[ [22m[39m[36m[1mInfo: [22m[39mStep = 71; number of paths = 33554432, time = 38.651 sec; memory allocated = 31920.059 GB; gc time = 12.531 sec
[36m[1m[ [22m[39m[36m[1mInfo: [22m[39mStep = 72; number of paths = 33554432, time = 38.399 sec; memory allocated = 31920.059 GB; gc time = 12.077 sec
[36m[1m[ [22m[39m[36m[1mInfo: [22m[39mStep = 73; number of paths = 33554432, time = 38.035 sec; memory allocated = 31920.059 GB; gc time = 12.285 sec
[36m[1m[ [22m[39m[36m[1mInfo: [22m[39mStep = 74; number of paths = 33554432, time = 38.158 sec; memory allocated = 31920.059 GB; gc time = 12.229 sec
[36m[1m[ [22m[39m[36m[1mInfo: [22m[39mStep = 75; number of paths = 33554432, time = 37.551 sec; memory allocated = 31920.059 GB; gc time = 11.391 sec
[36m[1m[ [22m[39m[36m[1mInfo: [22m[39mStep = 76; number of paths = 33554432, time = 37.591 sec; memory allocated = 31920.059 GB; gc time = 11.322 sec
[36m[1m[ [22m[39m[36m[1mInfo: [22m[39mStep = 77; number of paths = 33554432, time = 36.72 sec; memory allocated = 31920.059 GB; gc time = 11.566 sec
[36m[1m[ [22m[39m[36m[1mInfo: [22m[39mStep = 78; number of paths = 33554432, time = 38.645 sec; memory allocated = 31920.059 GB; gc time = 12.496 sec
[36m[1m[ [22m[39m[36m[1mInfo: [22m[39mStep = 79; number of paths = 33554432, time = 38.334 sec; memory allocated = 31920.059 GB; gc time = 12.758 sec
[36m[1m[ [22m[39m[36m[1mInfo: [22m[39mStep = 80; number of paths = 33554432, time = 39.151 sec; memory allocated = 31920.059 GB; gc time = 13.211 sec
[36m[1m[ [22m[39m[36m[1mInfo: [22m[39mStep = 81; number of paths = 33554432, time = 39.792 sec; memory allocated = 31920.059 GB; gc time = 12.974 sec
[36m[1m[ [22m[39m[36m[1mInfo: [22m[39mStep = 82; number of paths = 33554432, time = 36.695 sec; memory allocated = 31920.059 GB; gc time = 11.639 sec
[36m[1m[ [22m[39m[36m[1mInfo: [22m[39mStep = 83; number of paths = 33554432, time = 36.51 sec; memory allocated = 31920.059 GB; gc time = 11.152 sec
[36m[1m[ [22m[39m[36m[1mInfo: [22m[39mStep = 84; number of paths = 33554432, time = 38.157 sec; memory allocated = 31920.059 GB; gc time = 11.92 sec
[36m[1m[ [22m[39m[36m[1mInfo: [22m[39mStep = 85; number of paths = 33554432, time = 39.718 sec; memory allocated = 31920.059 GB; gc time = 10.693 sec
[36m[1m[ [22m[39m[36m[1mInfo: [22m[39mStep = 86; number of paths = 33554432, time = 38.193 sec; memory allocated = 31920.059 GB; gc time = 12.325 sec
[36m[1m[ [22m[39m[36m[1mInfo: [22m[39mStep = 87; number of paths = 33554432, time = 39.414 sec; memory allocated = 31920.059 GB; gc time = 12.891 sec
[36m[1m[ [22m[39m[36m[1mInfo: [22m[39mStep = 88; number of paths = 33554432, time = 39.943 sec; memory allocated = 31920.059 GB; gc time = 12.738 sec
[36m[1m[ [22m[39m[36m[1mInfo: [22m[39mStep = 89; number of paths = 33554432, time = 38.871 sec; memory allocated = 31920.059 GB; gc time = 12.146 sec
[36m[1m[ [22m[39m[36m[1mInfo: [22m[39mStep = 90; number of paths = 33554432, time = 37.705 sec; memory allocated = 31920.059 GB; gc time = 11.821 sec
[36m[1m[ [22m[39m[36m[1mInfo: [22m[39mStep = 91; number of paths = 33554432, time = 41.003 sec; memory allocated = 31920.059 GB; gc time = 12.596 sec
[36m[1m[ [22m[39m[36m[1mInfo: [22m[39mStep = 92; number of paths = 33554432, time = 40.372 sec; memory allocated = 31920.059 GB; gc time = 12.621 sec
[36m[1m[ [22m[39m[36m[1mInfo: [22m[39mStep = 93; number of paths = 33554432, time = 40.542 sec; memory allocated = 31920.059 GB; gc time = 13.141 sec
[36m[1m[ [22m[39m[36m[1mInfo: [22m[39mStep = 94; number of paths = 33554432, time = 39.063 sec; memory allocated = 31920.059 GB; gc time = 12.368 sec
[36m[1m[ [22m[39m[36m[1mInfo: [22m[39mStep = 95; number of paths = 33554432, time = 40.371 sec; memory allocated = 31920.059 GB; gc time = 12.479 sec
[36m[1m[ [22m[39m[36m[1mInfo: [22m[39mStep = 96; number of paths = 33554432, time = 38.302 sec; memory allocated = 31920.059 GB; gc time = 12.536 sec
[36m[1m[ [22m[39m[36m[1mInfo: [22m[39mStep = 97; number of paths = 33554432, time = 38.611 sec; memory allocated = 31920.059 GB; gc time = 12.463 sec
[36m[1m[ [22m[39m[36m[1mInfo: [22m[39mStep = 98; number of paths = 33554432, time = 38.229 sec; memory allocated = 31920.059 GB; gc time = 12.376 sec
[36m[1m[ [22m[39m[36m[1mInfo: [22m[39mStep = 99; number of paths = 33554432, time = 38.327 sec; memory allocated = 31920.059 GB; gc time = 12.266 sec
[36m[1m[ [22m[39m[36m[1mInfo: [22m[39mStep = 100; number of paths = 33554432, time = 38.116 sec; memory allocated = 31920.059 GB; gc time = 12.087 sec
[36m[1m[ [22m[39m[36m[1mInfo: [22m[39mStep = 101; number of paths = 33554432, time = 38.612 sec; memory allocated = 31920.059 GB; gc time = 12.595 sec
[36m[1m[ [22m[39m[36m[1mInfo: [22m[39mStep = 102; number of paths = 33554432, time = 37.165 sec; memory allocated = 31920.059 GB; gc time = 11.064 sec
[36m[1m[ [22m[39m[36m[1mInfo: [22m[39mStep = 103; number of paths = 33554432, time = 38.535 sec; memory allocated = 31920.059 GB; gc time = 12.379 sec
[36m[1m[ [22m[39m[36m[1mInfo: [22m[39mStep = 104; number of paths = 33554432, time = 36.919 sec; memory allocated = 31920.059 GB; gc time = 11.479 sec
[36m[1m[ [22m[39m[36m[1mInfo: [22m[39mStep = 105; number of paths = 33554432, time = 38.361 sec; memory allocated = 31920.059 GB; gc time = 12.505 sec
[36m[1m[ [22m[39m[36m[1mInfo: [22m[39mStep = 106; number of paths = 33554432, time = 37.531 sec; memory allocated = 31920.059 GB; gc time = 11.251 sec
[36m[1m[ [22m[39m[36m[1mInfo: [22m[39mStep = 107; number of paths = 33554432, time = 37.559 sec; memory allocated = 31920.059 GB; gc time = 11.466 sec
[36m[1m[ [22m[39m[36m[1mInfo: [22m[39mStep = 108; number of paths = 33554432, time = 41.056 sec; memory allocated = 31920.059 GB; gc time = 14.048 sec
[36m[1m[ [22m[39m[36m[1mInfo: [22m[39mStep = 109; number of paths = 33554432, time = 40.343 sec; memory allocated = 31920.059 GB; gc time = 13.439 sec
[36m[1m[ [22m[39m[36m[1mInfo: [22m[39mStep = 110; number of paths = 33554432, time = 41.351 sec; memory allocated = 31920.059 GB; gc time = 13.091 sec
[36m[1m[ [22m[39m[36m[1mInfo: [22m[39mStep = 111; number of paths = 33554432, time = 40.545 sec; memory allocated = 31920.059 GB; gc time = 13.238 sec
[36m[1m[ [22m[39m[36m[1mInfo: [22m[39mStep = 112; number of paths = 33554432, time = 38.948 sec; memory allocated = 31920.059 GB; gc time = 13.222 sec
[36m[1m[ [22m[39m[36m[1mInfo: [22m[39mStep = 113; number of paths = 33554432, time = 34.991 sec; memory allocated = 31920.059 GB; gc time = 10.119 sec
[36m[1m[ [22m[39m[36m[1mInfo: [22m[39mStep = 114; number of paths = 33554432, time = 38.557 sec; memory allocated = 31920.059 GB; gc time = 11.827 sec
[36m[1m[ [22m[39m[36m[1mInfo: [22m[39mStep = 115; number of paths = 33554430, time = 35.086 sec; memory allocated = 31920.057 GB; gc time = 9.139 sec
[36m[1m[ [22m[39m[36m[1mInfo: [22m[39mStep = 116; number of paths = 33554382, time = 36.208 sec; memory allocated = 31920.016 GB; gc time = 9.337 sec
[36m[1m[ [22m[39m[36m[1mInfo: [22m[39mStep = 117; number of paths = 33554382, time = 36.739 sec; memory allocated = 31920.016 GB; gc time = 10.004 sec
[36m[1m[ [22m[39m[36m[1mInfo: [22m[39mStep = 118; number of paths = 33521430, time = 40.708 sec; memory allocated = 31891.543 GB; gc time = 13.197 sec
[36m[1m[ [22m[39m[36m[1mInfo: [22m[39mStep = 119; number of paths = 33518526, time = 42.418 sec; memory allocated = 31889.034 GB; gc time = 13.88 sec
[36m[1m[ [22m[39m[36m[1mInfo: [22m[39mStep = 120; number of paths = 33518526, time = 40.989 sec; memory allocated = 31889.034 GB; gc time = 13.792 sec
[36m[1m[ [22m[39m[36m[1mInfo: [22m[39mStep = 121; number of paths = 33156318, time = 41.502 sec; memory allocated = 31576.056 GB; gc time = 13.741 sec
