[34mWelcome to the QDSim program built on top of the QuantumDynamics.jl library:[39m
[31m- Bose, A. QuantumDynamics.jl: A Modular Approach to Simulations of Dynamics of Open Quantum Systems. The Journal of Chemical Physics 2023, 158 (20), 204113. https://doi.org/10.1063/5.0151483.[39m
[36m[1m[ [22m[39m[36m[1mInfo: [22m[39mUsing LBTConfig([ILP64] libmkl_rt.so, [LP64] libmkl_rt.so) for linear algebra.
[36m[1m[ [22m[39m[36m[1mInfo: [22m[39mRunning a complex time QuAPI simulation. Please cite:
[31m- Topaler, M.; Makri, N. Quantum rates for a double well coupled to a dissipative bath: Accurate path integral results and comparison with approximate theories. The Journal of Chemical Physics 1994, 101 (9), 7500-7519.[39m
[31m- Bose, A. Quantum correlation functions through tensor network path integral. The Journal of Chemical Physics 2023, 159 (21), 214110.[39m
[36m[1m[ [22m[39m[36m[1mInfo: [22m[39mRunning with 112 threads.
[36m[1m[ [22m[39m[36m[1mInfo: [22m[39mCalculating the partition function for normalization.
[36m[1m[ [22m[39m[36m[1mInfo: [22m[39mPartition function = 42.87197960920371.
[36m[1m[ [22m[39m[36m[1mInfo: [22m[39mSaving the equilibrium density matrix.
[36m[1m[ [22m[39m[36m[1mInfo: [22m[39mStep = 1; number of paths = 3, time = 7.356 sec; memory allocated = 383.736 GB; gc time = 0.363 sec
[36m[1m[ [22m[39m[36m[1mInfo: [22m[39mStep = 2; number of paths = 3267, time = 10.821 sec; memory allocated = 431.441 GB; gc time = 0.126 sec
[36m[1m[ [22m[39m[36m[1mInfo: [22m[39mStep = 3; number of paths = 3267, time = 10.501 sec; memory allocated = 410.161 GB; gc time = 0.142 sec
[36m[1m[ [22m[39m[36m[1mInfo: [22m[39mStep = 4; number of paths = 10539, time = 12.859 sec; memory allocated = 438.611 GB; gc time = 0.137 sec
[36m[1m[ [22m[39m[36m[1mInfo: [22m[39mStep = 5; number of paths = 16587, time = 13.547 sec; memory allocated = 453.757 GB; gc time = 0.207 sec
[36m[1m[ [22m[39m[36m[1mInfo: [22m[39mStep = 6; number of paths = 23643, time = 15.364 sec; memory allocated = 478.856 GB; gc time = 0.649 sec
[36m[1m[ [22m[39m[36m[1mInfo: [22m[39mStep = 7; number of paths = 29691, time = 14.884 sec; memory allocated = 490.01 GB; gc time = 0.199 sec
[36m[1m[ [22m[39m[36m[1mInfo: [22m[39mStep = 8; number of paths = 47007, time = 17.29 sec; memory allocated = 532.738 GB; gc time = 0.624 sec
[36m[1m[ [22m[39m[36m[1mInfo: [22m[39mStep = 9; number of paths = 53919, time = 18.243 sec; memory allocated = 550.642 GB; gc time = 0.714 sec
[36m[1m[ [22m[39m[36m[1mInfo: [22m[39mStep = 10; number of paths = 73143, time = 18.558 sec; memory allocated = 591.187 GB; gc time = 0.298 sec
[36m[1m[ [22m[39m[36m[1mInfo: [22m[39mStep = 11; number of paths = 84339, time = 19.345 sec; memory allocated = 612.243 GB; gc time = 0.719 sec
[36m[1m[ [22m[39m[36m[1mInfo: [22m[39mStep = 12; number of paths = 99831, time = 19.9 sec; memory allocated = 640.627 GB; gc time = 0.494 sec
[36m[1m[ [22m[39m[36m[1mInfo: [22m[39mStep = 13; number of paths = 110013, time = 20.21 sec; memory allocated = 660.245 GB; gc time = 0.506 sec
[36m[1m[ [22m[39m[36m[1mInfo: [22m[39mStep = 14; number of paths = 121887, time = 21.714 sec; memory allocated = 683.251 GB; gc time = 1.01 sec
[36m[1m[ [22m[39m[36m[1mInfo: [22m[39mStep = 15; number of paths = 135567, time = 21.188 sec; memory allocated = 710.113 GB; gc time = 0.554 sec
[36m[1m[ [22m[39m[36m[1mInfo: [22m[39mStep = 16; number of paths = 142767, time = 21.958 sec; memory allocated = 723.47 GB; gc time = 0.535 sec
[36m[1m[ [22m[39m[36m[1mInfo: [22m[39mStep = 17; number of paths = 148407, time = 22.585 sec; memory allocated = 733.227 GB; gc time = 0.589 sec
[36m[1m[ [22m[39m[36m[1mInfo: [22m[39mStep = 18; number of paths = 158271, time = 22.277 sec; memory allocated = 747.909 GB; gc time = 0.632 sec
[36m[1m[ [22m[39m[36m[1mInfo: [22m[39mStep = 19; number of paths = 164547, time = 22.694 sec; memory allocated = 757.999 GB; gc time = 0.576 sec
[36m[1m[ [22m[39m[36m[1mInfo: [22m[39mStep = 20; number of paths = 168999, time = 22.725 sec; memory allocated = 764.949 GB; gc time = 0.572 sec
[36m[1m[ [22m[39m[36m[1mInfo: [22m[39mStep = 21; number of paths = 172197, time = 22.212 sec; memory allocated = 770.015 GB; gc time = 0.658 sec
[36m[1m[ [22m[39m[36m[1mInfo: [22m[39mStep = 22; number of paths = 173871, time = 22.627 sec; memory allocated = 773.331 GB; gc time = 0.574 sec
[36m[1m[ [22m[39m[36m[1mInfo: [22m[39mStep = 23; number of paths = 175239, time = 22.887 sec; memory allocated = 776.605 GB; gc time = 0.63 sec
[36m[1m[ [22m[39m[36m[1mInfo: [22m[39mStep = 24; number of paths = 175659, time = 23.04 sec; memory allocated = 777.27 GB; gc time = 0.533 sec
[36m[1m[ [22m[39m[36m[1mInfo: [22m[39mStep = 25; number of paths = 176649, time = 23.348 sec; memory allocated = 778.702 GB; gc time = 0.542 sec
[36m[1m[ [22m[39m[36m[1mInfo: [22m[39mStep = 26; number of paths = 176961, time = 23.026 sec; memory allocated = 779.14 GB; gc time = 0.521 sec
[36m[1m[ [22m[39m[36m[1mInfo: [22m[39mStep = 27; number of paths = 177075, time = 22.872 sec; memory allocated = 779.299 GB; gc time = 0.467 sec
[36m[1m[ [22m[39m[36m[1mInfo: [22m[39mStep = 28; number of paths = 177129, time = 23.454 sec; memory allocated = 779.377 GB; gc time = 0.689 sec
[36m[1m[ [22m[39m[36m[1mInfo: [22m[39mStep = 29; number of paths = 177141, time = 22.595 sec; memory allocated = 779.394 GB; gc time = 0.521 sec
[36m[1m[ [22m[39m[36m[1mInfo: [22m[39mStep = 30; number of paths = 177147, time = 22.779 sec; memory allocated = 779.402 GB; gc time = 0.593 sec
[36m[1m[ [22m[39m[36m[1mInfo: [22m[39mStep = 31; number of paths = 177147, time = 22.961 sec; memory allocated = 779.402 GB; gc time = 0.648 sec
[36m[1m[ [22m[39m[36m[1mInfo: [22m[39mStep = 32; number of paths = 177147, time = 22.791 sec; memory allocated = 779.402 GB; gc time = 0.563 sec
[36m[1m[ [22m[39m[36m[1mInfo: [22m[39mStep = 33; number of paths = 177147, time = 23.235 sec; memory allocated = 779.402 GB; gc time = 0.601 sec
[36m[1m[ [22m[39m[36m[1mInfo: [22m[39mStep = 34; number of paths = 177147, time = 22.906 sec; memory allocated = 779.402 GB; gc time = 0.777 sec
[36m[1m[ [22m[39m[36m[1mInfo: [22m[39mStep = 35; number of paths = 177144, time = 23.33 sec; memory allocated = 779.398 GB; gc time = 0.562 sec
[36m[1m[ [22m[39m[36m[1mInfo: [22m[39mStep = 36; number of paths = 177108, time = 22.808 sec; memory allocated = 779.346 GB; gc time = 0.558 sec
[36m[1m[ [22m[39m[36m[1mInfo: [22m[39mStep = 37; number of paths = 176856, time = 22.885 sec; memory allocated = 778.976 GB; gc time = 0.621 sec
[36m[1m[ [22m[39m[36m[1mInfo: [22m[39mStep = 38; number of paths = 176016, time = 22.897 sec; memory allocated = 777.702 GB; gc time = 0.583 sec
[36m[1m[ [22m[39m[36m[1mInfo: [22m[39mStep = 39; number of paths = 173448, time = 22.696 sec; memory allocated = 771.764 GB; gc time = 0.624 sec
[36m[1m[ [22m[39m[36m[1mInfo: [22m[39mStep = 40; number of paths = 167664, time = 22.43 sec; memory allocated = 762.25 GB; gc time = 0.515 sec
[36m[1m[ [22m[39m[36m[1mInfo: [22m[39mStep = 41; number of paths = 154896, time = 22.351 sec; memory allocated = 738.734 GB; gc time = 0.591 sec
[36m[1m[ [22m[39m[36m[1mInfo: [22m[39mStep = 42; number of paths = 139344, time = 21.963 sec; memory allocated = 714.733 GB; gc time = 0.536 sec
[36m[1m[ [22m[39m[36m[1mInfo: [22m[39mStep = 43; number of paths = 163320, time = 22.278 sec; memory allocated = 755.775 GB; gc time = 0.533 sec
[36m[1m[ [22m[39m[36m[1mInfo: [22m[39mStep = 44; number of paths = 171648, time = 22.73 sec; memory allocated = 769.084 GB; gc time = 0.621 sec
[36m[1m[ [22m[39m[36m[1mInfo: [22m[39mStep = 45; number of paths = 175284, time = 22.839 sec; memory allocated = 775.988 GB; gc time = 0.799 sec
[36m[1m[ [22m[39m[36m[1mInfo: [22m[39mStep = 46; number of paths = 176652, time = 22.566 sec; memory allocated = 778.684 GB; gc time = 0.523 sec
[36m[1m[ [22m[39m[36m[1mInfo: [22m[39mStep = 47; number of paths = 177036, time = 22.901 sec; memory allocated = 779.248 GB; gc time = 0.496 sec
[36m[1m[ [22m[39m[36m[1mInfo: [22m[39mStep = 48; number of paths = 177132, time = 22.836 sec; memory allocated = 779.382 GB; gc time = 0.531 sec
[36m[1m[ [22m[39m[36m[1mInfo: [22m[39mStep = 49; number of paths = 177147, time = 22.516 sec; memory allocated = 779.402 GB; gc time = 0.528 sec
[36m[1m[ [22m[39m[36m[1mInfo: [22m[39mStep = 50; number of paths = 177147, time = 22.524 sec; memory allocated = 779.402 GB; gc time = 0.567 sec
[36m[1m[ [22m[39m[36m[1mInfo: [22m[39mStep = 51; number of paths = 177147, time = 22.943 sec; memory allocated = 779.402 GB; gc time = 0.522 sec
[36m[1m[ [22m[39m[36m[1mInfo: [22m[39mStep = 52; number of paths = 177147, time = 23.088 sec; memory allocated = 779.402 GB; gc time = 0.78 sec
[36m[1m[ [22m[39m[36m[1mInfo: [22m[39mStep = 53; number of paths = 177147, time = 22.628 sec; memory allocated = 779.402 GB; gc time = 0.598 sec
[36m[1m[ [22m[39m[36m[1mInfo: [22m[39mStep = 54; number of paths = 177141, time = 23.073 sec; memory allocated = 779.394 GB; gc time = 0.712 sec
[36m[1m[ [22m[39m[36m[1mInfo: [22m[39mStep = 55; number of paths = 177141, time = 22.856 sec; memory allocated = 779.394 GB; gc time = 0.77 sec
[36m[1m[ [22m[39m[36m[1mInfo: [22m[39mStep = 56; number of paths = 177075, time = 22.952 sec; memory allocated = 779.3 GB; gc time = 0.519 sec
[36m[1m[ [22m[39m[36m[1mInfo: [22m[39mStep = 57; number of paths = 176961, time = 22.879 sec; memory allocated = 779.143 GB; gc time = 0.571 sec
[36m[1m[ [22m[39m[36m[1mInfo: [22m[39mStep = 58; number of paths = 176649, time = 22.837 sec; memory allocated = 778.706 GB; gc time = 0.459 sec
[36m[1m[ [22m[39m[36m[1mInfo: [22m[39mStep = 59; number of paths = 176373, time = 22.484 sec; memory allocated = 778.279 GB; gc time = 0.589 sec
[36m[1m[ [22m[39m[36m[1mInfo: [22m[39mStep = 60; number of paths = 175575, time = 22.478 sec; memory allocated = 777.086 GB; gc time = 0.503 sec
[36m[1m[ [22m[39m[36m[1mInfo: [22m[39mStep = 61; number of paths = 173871, time = 23.092 sec; memory allocated = 773.353 GB; gc time = 0.694 sec
[36m[1m[ [22m[39m[36m[1mInfo: [22m[39mStep = 62; number of paths = 172197, time = 22.951 sec; memory allocated = 770.04 GB; gc time = 0.525 sec
[36m[1m[ [22m[39m[36m[1mInfo: [22m[39mStep = 63; number of paths = 169251, time = 22.692 sec; memory allocated = 765.344 GB; gc time = 0.576 sec
[36m[1m[ [22m[39m[36m[1mInfo: [22m[39mStep = 64; number of paths = 164547, time = 22.702 sec; memory allocated = 758.074 GB; gc time = 0.57 sec
[36m[1m[ [22m[39m[36m[1mInfo: [22m[39mStep = 65; number of paths = 158271, time = 22.326 sec; memory allocated = 748.321 GB; gc time = 0.563 sec
[36m[1m[ [22m[39m[36m[1mInfo: [22m[39mStep = 66; number of paths = 151977, time = 21.565 sec; memory allocated = 738.966 GB; gc time = 0.577 sec
[36m[1m[ [22m[39m[36m[1mInfo: [22m[39mStep = 67; number of paths = 147387, time = 21.763 sec; memory allocated = 730.034 GB; gc time = 0.469 sec
[36m[1m[ [22m[39m[36m[1mInfo: [22m[39mStep = 68; number of paths = 135567, time = 21.368 sec; memory allocated = 710.436 GB; gc time = 0.429 sec
[36m[1m[ [22m[39m[36m[1mInfo: [22m[39mStep = 69; number of paths = 121887, time = 20.675 sec; memory allocated = 684.325 GB; gc time = 0.443 sec
[36m[1m[ [22m[39m[36m[1mInfo: [22m[39mStep = 70; number of paths = 110091, time = 20.913 sec; memory allocated = 660.914 GB; gc time = 0.463 sec
[36m[1m[ [22m[39m[36m[1mInfo: [22m[39mStep = 71; number of paths = 99831, time = 20.284 sec; memory allocated = 640.784 GB; gc time = 0.426 sec
[36m[1m[ [22m[39m[36m[1mInfo: [22m[39mStep = 72; number of paths = 84519, time = 19.233 sec; memory allocated = 612.678 GB; gc time = 0.378 sec
[36m[1m[ [22m[39m[36m[1mInfo: [22m[39mStep = 73; number of paths = 73503, time = 18.562 sec; memory allocated = 591.88 GB; gc time = 0.429 sec
[36m[1m[ [22m[39m[36m[1mInfo: [22m[39mStep = 74; number of paths = 63135, time = 18.172 sec; memory allocated = 566.664 GB; gc time = 0.339 sec
[36m[1m[ [22m[39m[36m[1mInfo: [22m[39mStep = 75; number of paths = 49575, time = 17.422 sec; memory allocated = 537.236 GB; gc time = 0.454 sec
[36m[1m[ [22m[39m[36m[1mInfo: [22m[39mStep = 76; number of paths = 41787, time = 16.301 sec; memory allocated = 517.742 GB; gc time = 0.432 sec
[36m[1m[ [22m[39m[36m[1mInfo: [22m[39mStep = 77; number of paths = 23643, time = 14.962 sec; memory allocated = 479.02 GB; gc time = 0.302 sec
[36m[1m[ [22m[39m[36m[1mInfo: [22m[39mStep = 78; number of paths = 16587, time = 14.224 sec; memory allocated = 455.627 GB; gc time = 0.401 sec
[36m[1m[ [22m[39m[36m[1mInfo: [22m[39mStep = 79; number of paths = 10539, time = 13.152 sec; memory allocated = 438.723 GB; gc time = 0.28 sec
[36m[1m[ [22m[39m[36m[1mInfo: [22m[39mStep = 80; number of paths = 7803, time = 11.851 sec; memory allocated = 424.627 GB; gc time = 0.185 sec
[36m[1m[ [22m[39m[36m[1mInfo: [22m[39mStep = 81; number of paths = 3267, time = 11.206 sec; memory allocated = 410.219 GB; gc time = 0.409 sec
[36m[1m[ [22m[39m[36m[1mInfo: [22m[39mStep = 82; number of paths = 819, time = 9.238 sec; memory allocated = 394.801 GB; gc time = 0.184 sec
[36m[1m[ [22m[39m[36m[1mInfo: [22m[39mStep = 83; number of paths = 819, time = 8.326 sec; memory allocated = 394.801 GB; gc time = 0.153 sec
[36m[1m[ [22m[39m[36m[1mInfo: [22m[39mStep = 84; number of paths = 3267, time = 11.095 sec; memory allocated = 410.219 GB; gc time = 0.213 sec
[36m[1m[ [22m[39m[36m[1mInfo: [22m[39mStep = 85; number of paths = 10323, time = 12.139 sec; memory allocated = 436.63 GB; gc time = 0.324 sec
[36m[1m[ [22m[39m[36m[1mInfo: [22m[39mStep = 86; number of paths = 16587, time = 13.689 sec; memory allocated = 453.924 GB; gc time = 0.208 sec
[36m[1m[ [22m[39m[36m[1mInfo: [22m[39mStep = 87; number of paths = 22635, time = 14.482 sec; memory allocated = 472.686 GB; gc time = 0.255 sec
[36m[1m[ [22m[39m[36m[1mInfo: [22m[39mStep = 88; number of paths = 29691, time = 15.323 sec; memory allocated = 490.209 GB; gc time = 0.475 sec
[36m[1m[ [22m[39m[36m[1mInfo: [22m[39mStep = 89; number of paths = 41787, time = 16.25 sec; memory allocated = 517.742 GB; gc time = 0.32 sec
[36m[1m[ [22m[39m[36m[1mInfo: [22m[39mStep = 90; number of paths = 50535, time = 17.693 sec; memory allocated = 540.672 GB; gc time = 0.487 sec
[36m[1m[ [22m[39m[36m[1mInfo: [22m[39mStep = 91; number of paths = 63135, time = 18.25 sec; memory allocated = 570.493 GB; gc time = 0.482 sec
[36m[1m[ [22m[39m[36m[1mInfo: [22m[39mStep = 92; number of paths = 81135, time = 19.281 sec; memory allocated = 605.778 GB; gc time = 0.424 sec
[36m[1m[ [22m[39m[36m[1mInfo: [22m[39mStep = 93; number of paths = 95871, time = 19.709 sec; memory allocated = 635.241 GB; gc time = 0.294 sec
[36m[1m[ [22m[39m[36m[1mInfo: [22m[39mStep = 94; number of paths = 106857, time = 20.706 sec; memory allocated = 655.678 GB; gc time = 0.485 sec
[36m[1m[ [22m[39m[36m[1mInfo: [22m[39mStep = 95; number of paths = 120459, time = 20.977 sec; memory allocated = 681.399 GB; gc time = 0.452 sec
[36m[1m[ [22m[39m[36m[1mInfo: [22m[39mStep = 96; number of paths = 129567, time = 21.378 sec; memory allocated = 701.817 GB; gc time = 0.461 sec
[36m[1m[ [22m[39m[36m[1mInfo: [22m[39mStep = 97; number of paths = 136827, time = 21.378 sec; memory allocated = 713.457 GB; gc time = 0.565 sec
[36m[1m[ [22m[39m[36m[1mInfo: [22m[39mStep = 98; number of paths = 148407, time = 21.693 sec; memory allocated = 731.633 GB; gc time = 0.527 sec
[36m[1m[ [22m[39m[36m[1mInfo: [22m[39mStep = 99; number of paths = 158187, time = 22.802 sec; memory allocated = 747.751 GB; gc time = 0.615 sec
[36m[1m[ [22m[39m[36m[1mInfo: [22m[39mStep = 100; number of paths = 164187, time = 21.958 sec; memory allocated = 757.543 GB; gc time = 0.537 sec
[36m[1m[ [22m[39m[36m[1mInfo: [22m[39mStep = 101; number of paths = 168099, time = 22.328 sec; memory allocated = 763.678 GB; gc time = 0.647 sec
[36m[1m[ [22m[39m[36m[1mInfo: [22m[39mStep = 102; number of paths = 170043, time = 22.3 sec; memory allocated = 766.962 GB; gc time = 0.661 sec
[36m[1m[ [22m[39m[36m[1mInfo: [22m[39mStep = 103; number of paths = 172863, time = 22.533 sec; memory allocated = 771.813 GB; gc time = 0.54 sec
[36m[1m[ [22m[39m[36m[1mInfo: [22m[39mStep = 104; number of paths = 175239, time = 22.747 sec; memory allocated = 775.257 GB; gc time = 0.527 sec
[36m[1m[ [22m[39m[36m[1mInfo: [22m[39mStep = 105; number of paths = 175659, time = 22.886 sec; memory allocated = 777.279 GB; gc time = 0.466 sec
[36m[1m[ [22m[39m[36m[1mInfo: [22m[39mStep = 106; number of paths = 176649, time = 22.334 sec; memory allocated = 778.67 GB; gc time = 0.61 sec
[36m[1m[ [22m[39m[36m[1mInfo: [22m[39mStep = 107; number of paths = 176865, time = 23.021 sec; memory allocated = 779.008 GB; gc time = 0.6 sec
[36m[1m[ [22m[39m[36m[1mInfo: [22m[39mStep = 108; number of paths = 177075, time = 22.472 sec; memory allocated = 779.3 GB; gc time = 0.493 sec
[36m[1m[ [22m[39m[36m[1mInfo: [22m[39mStep = 109; number of paths = 177075, time = 22.851 sec; memory allocated = 779.304 GB; gc time = 0.504 sec
[36m[1m[ [22m[39m[36m[1mInfo: [22m[39mStep = 110; number of paths = 177141, time = 23.061 sec; memory allocated = 779.394 GB; gc time = 0.631 sec
[36m[1m[ [22m[39m[36m[1mInfo: [22m[39mStep = 111; number of paths = 177147, time = 22.871 sec; memory allocated = 779.402 GB; gc time = 0.653 sec
[36m[1m[ [22m[39m[36m[1mInfo: [22m[39mStep = 112; number of paths = 177147, time = 22.801 sec; memory allocated = 779.402 GB; gc time = 0.652 sec
[36m[1m[ [22m[39m[36m[1mInfo: [22m[39mStep = 113; number of paths = 177147, time = 22.456 sec; memory allocated = 779.402 GB; gc time = 0.535 sec
[36m[1m[ [22m[39m[36m[1mInfo: [22m[39mStep = 114; number of paths = 177147, time = 22.658 sec; memory allocated = 779.402 GB; gc time = 0.592 sec
[36m[1m[ [22m[39m[36m[1mInfo: [22m[39mStep = 115; number of paths = 177147, time = 22.519 sec; memory allocated = 779.402 GB; gc time = 0.487 sec
[36m[1m[ [22m[39m[36m[1mInfo: [22m[39mStep = 116; number of paths = 177144, time = 22.681 sec; memory allocated = 779.398 GB; gc time = 0.525 sec
[36m[1m[ [22m[39m[36m[1mInfo: [22m[39mStep = 117; number of paths = 177120, time = 22.415 sec; memory allocated = 779.363 GB; gc time = 0.648 sec
[36m[1m[ [22m[39m[36m[1mInfo: [22m[39mStep = 118; number of paths = 176946, time = 22.601 sec; memory allocated = 779.111 GB; gc time = 0.51 sec
[36m[1m[ [22m[39m[36m[1mInfo: [22m[39mStep = 119; number of paths = 176388, time = 22.903 sec; memory allocated = 778.25 GB; gc time = 0.561 sec
[36m[1m[ [22m[39m[36m[1mInfo: [22m[39mStep = 120; number of paths = 174246, time = 22.506 sec; memory allocated = 772.983 GB; gc time = 0.638 sec
[36m[1m[ [22m[39m[36m[1mInfo: [22m[39mStep = 121; number of paths = 170136, time = 22.362 sec; memory allocated = 765.875 GB; gc time = 0.567 sec
[36m[1m[ [22m[39m[36m[1mInfo: [22m[39mStep = 122; number of paths = 158532, time = 22.508 sec; memory allocated = 745.125 GB; gc time = 0.543 sec
[36m[1m[ [22m[39m[36m[1mInfo: [22m[39mStep = 123; number of paths = 129456, time = 20.767 sec; memory allocated = 687.719 GB; gc time = 0.568 sec
[36m[1m[ [22m[39m[36m[1mInfo: [22m[39mStep = 124; number of paths = 159504, time = 22.01 sec; memory allocated = 749.225 GB; gc time = 0.531 sec
[36m[1m[ [22m[39m[36m[1mInfo: [22m[39mStep = 125; number of paths = 170856, time = 22.423 sec; memory allocated = 767.526 GB; gc time = 0.504 sec
[36m[1m[ [22m[39m[36m[1mInfo: [22m[39mStep = 126; number of paths = 175134, time = 23.078 sec; memory allocated = 775.609 GB; gc time = 0.684 sec
