[34mWelcome to the QDSim program built on top of the QuantumDynamics.jl library:[39m
[31m- Bose, A. QuantumDynamics.jl: A Modular Approach to Simulations of Dynamics of Open Quantum Systems. The Journal of Chemical Physics 2023, 158 (20), 204113. https://doi.org/10.1063/5.0151483.[39m
[36m[1m[ [22m[39m[36m[1mInfo: [22m[39mUsing LBTConfig([ILP64] libmkl_rt.so, [LP64] libmkl_rt.so) for linear algebra.
[36m[1m[ [22m[39m[36m[1mInfo: [22m[39mRunning a complex time QuAPI simulation. Please cite:
[31m- Topaler, M.; Makri, N. Quantum rates for a double well coupled to a dissipative bath: Accurate path integral results and comparison with approximate theories. The Journal of Chemical Physics 1994, 101 (9), 7500-7519.[39m
[31m- Bose, A. Quantum correlation functions through tensor network path integral. The Journal of Chemical Physics 2023, 159 (21), 214110.[39m
[36m[1m[ [22m[39m[36m[1mInfo: [22m[39mRunning with 112 threads.
[36m[1m[ [22m[39m[36m[1mInfo: [22m[39mCalculating the partition function for normalization.
[36m[1m[ [22m[39m[36m[1mInfo: [22m[39mPartition function = 42.87197960920371.
[36m[1m[ [22m[39m[36m[1mInfo: [22m[39mSaving the equilibrium density matrix.
[36m[1m[ [22m[39m[36m[1mInfo: [22m[39mStep = 1; number of paths = 58983, time = 15.607 sec; memory allocated = 568.316 GB; gc time = 0.163 sec
[36m[1m[ [22m[39m[36m[1mInfo: [22m[39mStep = 2; number of paths = 60915, time = 15.973 sec; memory allocated = 556.534 GB; gc time = 0.241 sec
[36m[1m[ [22m[39m[36m[1mInfo: [22m[39mStep = 3; number of paths = 62967, time = 16.368 sec; memory allocated = 564.109 GB; gc time = 0.418 sec
[36m[1m[ [22m[39m[36m[1mInfo: [22m[39mStep = 4; number of paths = 68175, time = 16.816 sec; memory allocated = 574.685 GB; gc time = 0.552 sec
[36m[1m[ [22m[39m[36m[1mInfo: [22m[39mStep = 5; number of paths = 73431, time = 16.886 sec; memory allocated = 590.674 GB; gc time = 0.314 sec
[36m[1m[ [22m[39m[36m[1mInfo: [22m[39mStep = 6; number of paths = 83859, time = 17.108 sec; memory allocated = 607.773 GB; gc time = 0.51 sec
[36m[1m[ [22m[39m[36m[1mInfo: [22m[39mStep = 7; number of paths = 94791, time = 17.598 sec; memory allocated = 626.738 GB; gc time = 0.473 sec
[36m[1m[ [22m[39m[36m[1mInfo: [22m[39mStep = 8; number of paths = 102903, time = 18.546 sec; memory allocated = 644.76 GB; gc time = 0.505 sec
[36m[1m[ [22m[39m[36m[1mInfo: [22m[39mStep = 9; number of paths = 110037, time = 18.815 sec; memory allocated = 659.547 GB; gc time = 0.529 sec
[36m[1m[ [22m[39m[36m[1mInfo: [22m[39mStep = 10; number of paths = 121857, time = 18.812 sec; memory allocated = 682.659 GB; gc time = 0.573 sec
[36m[1m[ [22m[39m[36m[1mInfo: [22m[39mStep = 11; number of paths = 134943, time = 19.132 sec; memory allocated = 708.598 GB; gc time = 0.486 sec
[36m[1m[ [22m[39m[36m[1mInfo: [22m[39mStep = 12; number of paths = 145131, time = 19.936 sec; memory allocated = 724.354 GB; gc time = 0.509 sec
[36m[1m[ [22m[39m[36m[1mInfo: [22m[39mStep = 13; number of paths = 150717, time = 20.076 sec; memory allocated = 734.436 GB; gc time = 0.515 sec
[36m[1m[ [22m[39m[36m[1mInfo: [22m[39mStep = 14; number of paths = 158271, time = 20.467 sec; memory allocated = 747.599 GB; gc time = 0.587 sec
[36m[1m[ [22m[39m[36m[1mInfo: [22m[39mStep = 15; number of paths = 164547, time = 20.329 sec; memory allocated = 757.821 GB; gc time = 0.535 sec
[36m[1m[ [22m[39m[36m[1mInfo: [22m[39mStep = 16; number of paths = 169305, time = 20.367 sec; memory allocated = 765.134 GB; gc time = 0.52 sec
[36m[1m[ [22m[39m[36m[1mInfo: [22m[39mStep = 17; number of paths = 170973, time = 20.368 sec; memory allocated = 767.549 GB; gc time = 0.556 sec
[36m[1m[ [22m[39m[36m[1mInfo: [22m[39mStep = 18; number of paths = 172863, time = 20.803 sec; memory allocated = 770.78 GB; gc time = 0.57 sec
[36m[1m[ [22m[39m[36m[1mInfo: [22m[39mStep = 19; number of paths = 174663, time = 20.85 sec; memory allocated = 774.243 GB; gc time = 0.733 sec
[36m[1m[ [22m[39m[36m[1mInfo: [22m[39mStep = 20; number of paths = 175671, time = 20.525 sec; memory allocated = 777.042 GB; gc time = 0.559 sec
[36m[1m[ [22m[39m[36m[1mInfo: [22m[39mStep = 21; number of paths = 176481, time = 20.94 sec; memory allocated = 778.244 GB; gc time = 0.653 sec
[36m[1m[ [22m[39m[36m[1mInfo: [22m[39mStep = 22; number of paths = 176865, time = 20.837 sec; memory allocated = 778.819 GB; gc time = 0.626 sec
[36m[1m[ [22m[39m[36m[1mInfo: [22m[39mStep = 23; number of paths = 176973, time = 20.721 sec; memory allocated = 778.979 GB; gc time = 0.514 sec
[36m[1m[ [22m[39m[36m[1mInfo: [22m[39mStep = 24; number of paths = 177075, time = 21.242 sec; memory allocated = 779.122 GB; gc time = 0.67 sec
[36m[1m[ [22m[39m[36m[1mInfo: [22m[39mStep = 25; number of paths = 177141, time = 20.652 sec; memory allocated = 779.217 GB; gc time = 0.526 sec
[36m[1m[ [22m[39m[36m[1mInfo: [22m[39mStep = 26; number of paths = 177141, time = 21.043 sec; memory allocated = 779.217 GB; gc time = 0.517 sec
[36m[1m[ [22m[39m[36m[1mInfo: [22m[39mStep = 27; number of paths = 177147, time = 20.803 sec; memory allocated = 779.225 GB; gc time = 0.542 sec
[36m[1m[ [22m[39m[36m[1mInfo: [22m[39mStep = 28; number of paths = 177147, time = 20.452 sec; memory allocated = 779.225 GB; gc time = 0.601 sec
[36m[1m[ [22m[39m[36m[1mInfo: [22m[39mStep = 29; number of paths = 177147, time = 20.773 sec; memory allocated = 779.225 GB; gc time = 0.618 sec
[36m[1m[ [22m[39m[36m[1mInfo: [22m[39mStep = 30; number of paths = 177147, time = 20.991 sec; memory allocated = 779.225 GB; gc time = 0.718 sec
[36m[1m[ [22m[39m[36m[1mInfo: [22m[39mStep = 31; number of paths = 177147, time = 20.566 sec; memory allocated = 779.225 GB; gc time = 0.63 sec
[36m[1m[ [22m[39m[36m[1mInfo: [22m[39mStep = 32; number of paths = 177147, time = 20.993 sec; memory allocated = 779.225 GB; gc time = 0.626 sec
[36m[1m[ [22m[39m[36m[1mInfo: [22m[39mStep = 33; number of paths = 177147, time = 20.819 sec; memory allocated = 779.225 GB; gc time = 0.632 sec
[36m[1m[ [22m[39m[36m[1mInfo: [22m[39mStep = 34; number of paths = 177147, time = 20.684 sec; memory allocated = 779.225 GB; gc time = 0.5 sec
[36m[1m[ [22m[39m[36m[1mInfo: [22m[39mStep = 35; number of paths = 177147, time = 20.561 sec; memory allocated = 779.225 GB; gc time = 0.648 sec
[36m[1m[ [22m[39m[36m[1mInfo: [22m[39mStep = 36; number of paths = 177147, time = 20.307 sec; memory allocated = 779.225 GB; gc time = 0.495 sec
[36m[1m[ [22m[39m[36m[1mInfo: [22m[39mStep = 37; number of paths = 177147, time = 20.447 sec; memory allocated = 779.225 GB; gc time = 0.554 sec
[36m[1m[ [22m[39m[36m[1mInfo: [22m[39mStep = 38; number of paths = 177147, time = 20.515 sec; memory allocated = 779.225 GB; gc time = 0.608 sec
[36m[1m[ [22m[39m[36m[1mInfo: [22m[39mStep = 39; number of paths = 177147, time = 21.024 sec; memory allocated = 779.225 GB; gc time = 0.606 sec
[36m[1m[ [22m[39m[36m[1mInfo: [22m[39mStep = 40; number of paths = 177147, time = 20.445 sec; memory allocated = 779.225 GB; gc time = 0.6 sec
[36m[1m[ [22m[39m[36m[1mInfo: [22m[39mStep = 41; number of paths = 177147, time = 20.861 sec; memory allocated = 779.225 GB; gc time = 0.619 sec
[36m[1m[ [22m[39m[36m[1mInfo: [22m[39mStep = 42; number of paths = 177147, time = 20.806 sec; memory allocated = 779.225 GB; gc time = 0.726 sec
[36m[1m[ [22m[39m[36m[1mInfo: [22m[39mStep = 43; number of paths = 177147, time = 19.877 sec; memory allocated = 779.225 GB; gc time = 0.716 sec
[36m[1m[ [22m[39m[36m[1mInfo: [22m[39mStep = 44; number of paths = 177147, time = 20.562 sec; memory allocated = 779.225 GB; gc time = 0.571 sec
[36m[1m[ [22m[39m[36m[1mInfo: [22m[39mStep = 45; number of paths = 177147, time = 20.659 sec; memory allocated = 779.225 GB; gc time = 0.597 sec
[36m[1m[ [22m[39m[36m[1mInfo: [22m[39mStep = 46; number of paths = 177147, time = 20.613 sec; memory allocated = 779.225 GB; gc time = 0.527 sec
[36m[1m[ [22m[39m[36m[1mInfo: [22m[39mStep = 47; number of paths = 177147, time = 20.881 sec; memory allocated = 779.225 GB; gc time = 0.642 sec
[36m[1m[ [22m[39m[36m[1mInfo: [22m[39mStep = 48; number of paths = 177147, time = 20.416 sec; memory allocated = 779.225 GB; gc time = 0.578 sec
[36m[1m[ [22m[39m[36m[1mInfo: [22m[39mStep = 49; number of paths = 177147, time = 20.673 sec; memory allocated = 779.225 GB; gc time = 0.519 sec
[36m[1m[ [22m[39m[36m[1mInfo: [22m[39mStep = 50; number of paths = 177147, time = 20.589 sec; memory allocated = 779.225 GB; gc time = 0.548 sec
[36m[1m[ [22m[39m[36m[1mInfo: [22m[39mStep = 51; number of paths = 177147, time = 21.097 sec; memory allocated = 779.225 GB; gc time = 0.686 sec
[36m[1m[ [22m[39m[36m[1mInfo: [22m[39mStep = 52; number of paths = 177147, time = 20.661 sec; memory allocated = 779.225 GB; gc time = 0.73 sec
[36m[1m[ [22m[39m[36m[1mInfo: [22m[39mStep = 53; number of paths = 177147, time = 20.51 sec; memory allocated = 779.225 GB; gc time = 0.602 sec
[36m[1m[ [22m[39m[36m[1mInfo: [22m[39mStep = 54; number of paths = 177147, time = 20.754 sec; memory allocated = 779.225 GB; gc time = 0.576 sec
[36m[1m[ [22m[39m[36m[1mInfo: [22m[39mStep = 55; number of paths = 177147, time = 20.557 sec; memory allocated = 779.225 GB; gc time = 0.625 sec
[36m[1m[ [22m[39m[36m[1mInfo: [22m[39mStep = 56; number of paths = 177147, time = 20.408 sec; memory allocated = 779.225 GB; gc time = 0.572 sec
[36m[1m[ [22m[39m[36m[1mInfo: [22m[39mStep = 57; number of paths = 177141, time = 21.103 sec; memory allocated = 779.217 GB; gc time = 0.654 sec
[36m[1m[ [22m[39m[36m[1mInfo: [22m[39mStep = 58; number of paths = 177141, time = 20.706 sec; memory allocated = 779.217 GB; gc time = 0.534 sec
[36m[1m[ [22m[39m[36m[1mInfo: [22m[39mStep = 59; number of paths = 177075, time = 21.147 sec; memory allocated = 779.127 GB; gc time = 0.631 sec
[36m[1m[ [22m[39m[36m[1mInfo: [22m[39mStep = 60; number of paths = 177075, time = 21.126 sec; memory allocated = 779.122 GB; gc time = 0.535 sec
[36m[1m[ [22m[39m[36m[1mInfo: [22m[39mStep = 61; number of paths = 176865, time = 20.772 sec; memory allocated = 778.822 GB; gc time = 0.55 sec
[36m[1m[ [22m[39m[36m[1mInfo: [22m[39mStep = 62; number of paths = 176649, time = 20.593 sec; memory allocated = 778.484 GB; gc time = 0.561 sec
[36m[1m[ [22m[39m[36m[1mInfo: [22m[39mStep = 63; number of paths = 175671, time = 20.727 sec; memory allocated = 777.051 GB; gc time = 0.763 sec
[36m[1m[ [22m[39m[36m[1mInfo: [22m[39mStep = 64; number of paths = 175239, time = 20.804 sec; memory allocated = 775.062 GB; gc time = 0.672 sec
[36m[1m[ [22m[39m[36m[1mInfo: [22m[39mStep = 65; number of paths = 174135, time = 20.499 sec; memory allocated = 772.576 GB; gc time = 0.619 sec
[36m[1m[ [22m[39m[36m[1mInfo: [22m[39mStep = 66; number of paths = 172629, time = 20.78 sec; memory allocated = 770.25 GB; gc time = 0.623 sec
[36m[1m[ [22m[39m[36m[1mInfo: [22m[39mStep = 67; number of paths = 169335, time = 20.647 sec; memory allocated = 765.284 GB; gc time = 0.534 sec
[36m[1m[ [22m[39m[36m[1mInfo: [22m[39mStep = 68; number of paths = 164547, time = 20.634 sec; memory allocated = 757.865 GB; gc time = 0.624 sec
[36m[1m[ [22m[39m[36m[1mInfo: [22m[39mStep = 69; number of paths = 158691, time = 19.913 sec; memory allocated = 748.228 GB; gc time = 0.509 sec
[36m[1m[ [22m[39m[36m[1mInfo: [22m[39mStep = 70; number of paths = 153093, time = 19.944 sec; memory allocated = 738.573 GB; gc time = 0.56 sec
[36m[1m[ [22m[39m[36m[1mInfo: [22m[39mStep = 71; number of paths = 147159, time = 19.661 sec; memory allocated = 728.899 GB; gc time = 0.498 sec
[36m[1m[ [22m[39m[36m[1mInfo: [22m[39mStep = 72; number of paths = 135567, time = 19.708 sec; memory allocated = 710.028 GB; gc time = 0.522 sec
[36m[1m[ [22m[39m[36m[1mInfo: [22m[39mStep = 73; number of paths = 127257, time = 19.419 sec; memory allocated = 691.915 GB; gc time = 0.481 sec
[36m[1m[ [22m[39m[36m[1mInfo: [22m[39mStep = 74; number of paths = 118491, time = 18.624 sec; memory allocated = 674.062 GB; gc time = 0.575 sec
[36m[1m[ [22m[39m[36m[1mInfo: [22m[39mStep = 75; number of paths = 107067, time = 17.92 sec; memory allocated = 651.03 GB; gc time = 0.505 sec
[36m[1m[ [22m[39m[36m[1mInfo: [22m[39mStep = 76; number of paths = 98571, time = 17.562 sec; memory allocated = 635.004 GB; gc time = 0.469 sec
[36m[1m[ [22m[39m[36m[1mInfo: [22m[39mStep = 77; number of paths = 84075, time = 17.306 sec; memory allocated = 608.721 GB; gc time = 0.481 sec
[36m[1m[ [22m[39m[36m[1mInfo: [22m[39mStep = 78; number of paths = 73431, time = 17.333 sec; memory allocated = 590.861 GB; gc time = 0.418 sec
[36m[1m[ [22m[39m[36m[1mInfo: [22m[39mStep = 79; number of paths = 69615, time = 16.625 sec; memory allocated = 577.96 GB; gc time = 0.409 sec
[36m[1m[ [22m[39m[36m[1mInfo: [22m[39mStep = 80; number of paths = 62967, time = 16.172 sec; memory allocated = 564.302 GB; gc time = 0.262 sec
[36m[1m[ [22m[39m[36m[1mInfo: [22m[39mStep = 81; number of paths = 62067, time = 16.253 sec; memory allocated = 559.847 GB; gc time = 0.407 sec
[36m[1m[ [22m[39m[36m[1mInfo: [22m[39mStep = 82; number of paths = 58983, time = 15.831 sec; memory allocated = 551.499 GB; gc time = 0.284 sec
[36m[1m[ [22m[39m[36m[1mInfo: [22m[39mStep = 83; number of paths = 58983, time = 15.984 sec; memory allocated = 551.499 GB; gc time = 0.397 sec
[36m[1m[ [22m[39m[36m[1mInfo: [22m[39mStep = 84; number of paths = 62427, time = 16.392 sec; memory allocated = 561.137 GB; gc time = 0.394 sec
[36m[1m[ [22m[39m[36m[1mInfo: [22m[39mStep = 85; number of paths = 64929, time = 16.614 sec; memory allocated = 568.758 GB; gc time = 0.418 sec
[36m[1m[ [22m[39m[36m[1mInfo: [22m[39mStep = 86; number of paths = 73071, time = 16.93 sec; memory allocated = 588.583 GB; gc time = 0.338 sec
[36m[1m[ [22m[39m[36m[1mInfo: [22m[39mStep = 87; number of paths = 81987, time = 17.657 sec; memory allocated = 603.902 GB; gc time = 0.479 sec
[36m[1m[ [22m[39m[36m[1mInfo: [22m[39mStep = 88; number of paths = 84507, time = 17.469 sec; memory allocated = 612.241 GB; gc time = 0.507 sec
[36m[1m[ [22m[39m[36m[1mInfo: [22m[39mStep = 89; number of paths = 99831, time = 18.467 sec; memory allocated = 640.606 GB; gc time = 0.543 sec
[36m[1m[ [22m[39m[36m[1mInfo: [22m[39mStep = 90; number of paths = 110037, time = 18.605 sec; memory allocated = 659.693 GB; gc time = 0.456 sec
[36m[1m[ [22m[39m[36m[1mInfo: [22m[39mStep = 91; number of paths = 121125, time = 19.257 sec; memory allocated = 680.278 GB; gc time = 0.453 sec
[36m[1m[ [22m[39m[36m[1mInfo: [22m[39mStep = 92; number of paths = 129951, time = 18.912 sec; memory allocated = 701.706 GB; gc time = 0.448 sec
[36m[1m[ [22m[39m[36m[1mInfo: [22m[39mStep = 93; number of paths = 137007, time = 19.89 sec; memory allocated = 712.751 GB; gc time = 0.623 sec
[36m[1m[ [22m[39m[36m[1mInfo: [22m[39mStep = 94; number of paths = 148407, time = 20.307 sec; memory allocated = 731.274 GB; gc time = 0.526 sec
[36m[1m[ [22m[39m[36m[1mInfo: [22m[39mStep = 95; number of paths = 158271, time = 20.148 sec; memory allocated = 747.655 GB; gc time = 0.478 sec
[36m[1m[ [22m[39m[36m[1mInfo: [22m[39mStep = 96; number of paths = 163221, time = 20.5 sec; memory allocated = 755.69 GB; gc time = 0.538 sec
[36m[1m[ [22m[39m[36m[1mInfo: [22m[39mStep = 97; number of paths = 165093, time = 20.933 sec; memory allocated = 758.629 GB; gc time = 0.588 sec
[36m[1m[ [22m[39m[36m[1mInfo: [22m[39mStep = 98; number of paths = 169335, time = 20.46 sec; memory allocated = 765.284 GB; gc time = 0.612 sec
[36m[1m[ [22m[39m[36m[1mInfo: [22m[39mStep = 99; number of paths = 172863, time = 21.17 sec; memory allocated = 770.803 GB; gc time = 0.673 sec
[36m[1m[ [22m[39m[36m[1mInfo: [22m[39mStep = 100; number of paths = 174663, time = 21.051 sec; memory allocated = 774.26 GB; gc time = 0.691 sec
[36m[1m[ [22m[39m[36m[1mInfo: [22m[39mStep = 101; number of paths = 175671, time = 20.53 sec; memory allocated = 777.051 GB; gc time = 0.516 sec
[36m[1m[ [22m[39m[36m[1mInfo: [22m[39mStep = 102; number of paths = 176481, time = 20.683 sec; memory allocated = 778.251 GB; gc time = 0.536 sec
[36m[1m[ [22m[39m[36m[1mInfo: [22m[39mStep = 103; number of paths = 176865, time = 21.152 sec; memory allocated = 778.822 GB; gc time = 0.613 sec
[36m[1m[ [22m[39m[36m[1mInfo: [22m[39mStep = 104; number of paths = 176973, time = 21.015 sec; memory allocated = 778.982 GB; gc time = 0.636 sec
[36m[1m[ [22m[39m[36m[1mInfo: [22m[39mStep = 105; number of paths = 177075, time = 20.546 sec; memory allocated = 779.122 GB; gc time = 0.47 sec
[36m[1m[ [22m[39m[36m[1mInfo: [22m[39mStep = 106; number of paths = 177129, time = 20.193 sec; memory allocated = 779.201 GB; gc time = 0.506 sec
[36m[1m[ [22m[39m[36m[1mInfo: [22m[39mStep = 107; number of paths = 177141, time = 20.648 sec; memory allocated = 779.217 GB; gc time = 0.612 sec
[36m[1m[ [22m[39m[36m[1mInfo: [22m[39mStep = 108; number of paths = 177147, time = 20.527 sec; memory allocated = 779.225 GB; gc time = 0.665 sec
[36m[1m[ [22m[39m[36m[1mInfo: [22m[39mStep = 109; number of paths = 177147, time = 20.89 sec; memory allocated = 779.225 GB; gc time = 0.699 sec
[36m[1m[ [22m[39m[36m[1mInfo: [22m[39mStep = 110; number of paths = 177147, time = 20.661 sec; memory allocated = 779.225 GB; gc time = 0.6 sec
[36m[1m[ [22m[39m[36m[1mInfo: [22m[39mStep = 111; number of paths = 177147, time = 20.236 sec; memory allocated = 779.225 GB; gc time = 0.611 sec
[36m[1m[ [22m[39m[36m[1mInfo: [22m[39mStep = 112; number of paths = 177147, time = 20.8 sec; memory allocated = 779.225 GB; gc time = 0.554 sec
[36m[1m[ [22m[39m[36m[1mInfo: [22m[39mStep = 113; number of paths = 177147, time = 20.89 sec; memory allocated = 779.225 GB; gc time = 0.539 sec
[36m[1m[ [22m[39m[36m[1mInfo: [22m[39mStep = 114; number of paths = 177147, time = 20.533 sec; memory allocated = 779.225 GB; gc time = 0.625 sec
[36m[1m[ [22m[39m[36m[1mInfo: [22m[39mStep = 115; number of paths = 177147, time = 20.632 sec; memory allocated = 779.225 GB; gc time = 0.635 sec
[36m[1m[ [22m[39m[36m[1mInfo: [22m[39mStep = 116; number of paths = 177147, time = 20.386 sec; memory allocated = 779.225 GB; gc time = 0.523 sec
[36m[1m[ [22m[39m[36m[1mInfo: [22m[39mStep = 117; number of paths = 177147, time = 20.984 sec; memory allocated = 779.225 GB; gc time = 0.5 sec
[36m[1m[ [22m[39m[36m[1mInfo: [22m[39mStep = 118; number of paths = 177147, time = 20.463 sec; memory allocated = 779.225 GB; gc time = 0.555 sec
[36m[1m[ [22m[39m[36m[1mInfo: [22m[39mStep = 119; number of paths = 177147, time = 20.473 sec; memory allocated = 779.225 GB; gc time = 0.595 sec
[36m[1m[ [22m[39m[36m[1mInfo: [22m[39mStep = 120; number of paths = 177147, time = 20.855 sec; memory allocated = 779.225 GB; gc time = 0.647 sec
[36m[1m[ [22m[39m[36m[1mInfo: [22m[39mStep = 121; number of paths = 177147, time = 20.557 sec; memory allocated = 779.225 GB; gc time = 0.589 sec
[36m[1m[ [22m[39m[36m[1mInfo: [22m[39mStep = 122; number of paths = 177147, time = 21.015 sec; memory allocated = 779.225 GB; gc time = 0.691 sec
[36m[1m[ [22m[39m[36m[1mInfo: [22m[39mStep = 123; number of paths = 177147, time = 20.916 sec; memory allocated = 779.225 GB; gc time = 0.62 sec
[36m[1m[ [22m[39m[36m[1mInfo: [22m[39mStep = 124; number of paths = 177147, time = 20.508 sec; memory allocated = 779.225 GB; gc time = 0.632 sec
[36m[1m[ [22m[39m[36m[1mInfo: [22m[39mStep = 125; number of paths = 177147, time = 20.448 sec; memory allocated = 779.225 GB; gc time = 0.555 sec
[36m[1m[ [22m[39m[36m[1mInfo: [22m[39mStep = 126; number of paths = 177147, time = 20.627 sec; memory allocated = 779.225 GB; gc time = 0.523 sec
