[34mWelcome to the QDSim program built on top of the QuantumDynamics.jl library:[39m
[31m- Bose, A. QuantumDynamics.jl: A Modular Approach to Simulations of Dynamics of Open Quantum Systems. The Journal of Chemical Physics 2023, 158 (20), 204113. https://doi.org/10.1063/5.0151483.[39m
[36m[1m[ [22m[39m[36m[1mInfo: [22m[39mUsing LBTConfig([ILP64] libmkl_rt.so, [LP64] libmkl_rt.so) for linear algebra.
[36m[1m[ [22m[39m[36m[1mInfo: [22m[39mRunning a complex time QuAPI simulation. Please cite:
[31m- Topaler, M.; Makri, N. Quantum rates for a double well coupled to a dissipative bath: Accurate path integral results and comparison with approximate theories. The Journal of Chemical Physics 1994, 101 (9), 7500-7519.[39m
[31m- Bose, A. Quantum correlation functions through tensor network path integral. The Journal of Chemical Physics 2023, 159 (21), 214110.[39m
[36m[1m[ [22m[39m[36m[1mInfo: [22m[39mRunning with 112 threads.
[36m[1m[ [22m[39m[36m[1mInfo: [22m[39mCalculating the partition function for normalization.
[36m[1m[ [22m[39m[36m[1mInfo: [22m[39mPartition function = 21.288721045940534.
[36m[1m[ [22m[39m[36m[1mInfo: [22m[39mSaving the equilibrium density matrix.
[36m[1m[ [22m[39m[36m[1mInfo: [22m[39mStep = 1; number of paths = 2, time = 4.375 sec; memory allocated = 258.436 GB; gc time = 0.074 sec
[36m[1m[ [22m[39m[36m[1mInfo: [22m[39mStep = 2; number of paths = 520, time = 5.074 sec; memory allocated = 278.399 GB; gc time = 0.104 sec
[36m[1m[ [22m[39m[36m[1mInfo: [22m[39mStep = 3; number of paths = 520, time = 4.972 sec; memory allocated = 257.12 GB; gc time = 0.11 sec
[36m[1m[ [22m[39m[36m[1mInfo: [22m[39mStep = 4; number of paths = 1024, time = 4.851 sec; memory allocated = 258.399 GB; gc time = 0.083 sec
[36m[1m[ [22m[39m[36m[1mInfo: [22m[39mStep = 5; number of paths = 1528, time = 5.077 sec; memory allocated = 259.271 GB; gc time = 0.363 sec
[36m[1m[ [22m[39m[36m[1mInfo: [22m[39mStep = 6; number of paths = 1528, time = 4.806 sec; memory allocated = 259.271 GB; gc time = 0.09 sec
[36m[1m[ [22m[39m[36m[1mInfo: [22m[39mStep = 7; number of paths = 1864, time = 5.33 sec; memory allocated = 259.757 GB; gc time = 0.114 sec
[36m[1m[ [22m[39m[36m[1mInfo: [22m[39mStep = 8; number of paths = 1864, time = 4.881 sec; memory allocated = 259.757 GB; gc time = 0.123 sec
[36m[1m[ [22m[39m[36m[1mInfo: [22m[39mStep = 9; number of paths = 2008, time = 5.392 sec; memory allocated = 259.942 GB; gc time = 0.094 sec
[36m[1m[ [22m[39m[36m[1mInfo: [22m[39mStep = 10; number of paths = 2044, time = 5.356 sec; memory allocated = 259.984 GB; gc time = 0.096 sec
[36m[1m[ [22m[39m[36m[1mInfo: [22m[39mStep = 11; number of paths = 2044, time = 5.148 sec; memory allocated = 259.984 GB; gc time = 0.421 sec
[36m[1m[ [22m[39m[36m[1mInfo: [22m[39mStep = 12; number of paths = 2048, time = 4.994 sec; memory allocated = 259.988 GB; gc time = 0.084 sec
[36m[1m[ [22m[39m[36m[1mInfo: [22m[39mStep = 13; number of paths = 2048, time = 5.192 sec; memory allocated = 259.988 GB; gc time = 0.111 sec
[36m[1m[ [22m[39m[36m[1mInfo: [22m[39mStep = 14; number of paths = 2048, time = 5.393 sec; memory allocated = 259.988 GB; gc time = 0.101 sec
[36m[1m[ [22m[39m[36m[1mInfo: [22m[39mStep = 15; number of paths = 2048, time = 5.077 sec; memory allocated = 259.988 GB; gc time = 0.1 sec
[36m[1m[ [22m[39m[36m[1mInfo: [22m[39mStep = 16; number of paths = 2048, time = 5.128 sec; memory allocated = 259.988 GB; gc time = 0.08 sec
[36m[1m[ [22m[39m[36m[1mInfo: [22m[39mStep = 17; number of paths = 2048, time = 5.382 sec; memory allocated = 259.988 GB; gc time = 0.269 sec
[36m[1m[ [22m[39m[36m[1mInfo: [22m[39mStep = 18; number of paths = 2048, time = 5.005 sec; memory allocated = 259.988 GB; gc time = 0.081 sec
[36m[1m[ [22m[39m[36m[1mInfo: [22m[39mStep = 19; number of paths = 2048, time = 5.268 sec; memory allocated = 259.988 GB; gc time = 0.116 sec
[36m[1m[ [22m[39m[36m[1mInfo: [22m[39mStep = 20; number of paths = 2048, time = 5.086 sec; memory allocated = 259.989 GB; gc time = 0.086 sec
[36m[1m[ [22m[39m[36m[1mInfo: [22m[39mStep = 21; number of paths = 2048, time = 5.16 sec; memory allocated = 259.989 GB; gc time = 0.093 sec
[36m[1m[ [22m[39m[36m[1mInfo: [22m[39mStep = 22; number of paths = 2048, time = 5.529 sec; memory allocated = 259.989 GB; gc time = 0.101 sec
[36m[1m[ [22m[39m[36m[1mInfo: [22m[39mStep = 23; number of paths = 2048, time = 4.977 sec; memory allocated = 259.989 GB; gc time = 0.26 sec
[36m[1m[ [22m[39m[36m[1mInfo: [22m[39mStep = 24; number of paths = 2048, time = 5.023 sec; memory allocated = 259.989 GB; gc time = 0.106 sec
[36m[1m[ [22m[39m[36m[1mInfo: [22m[39mStep = 25; number of paths = 2048, time = 4.915 sec; memory allocated = 259.989 GB; gc time = 0.077 sec
[36m[1m[ [22m[39m[36m[1mInfo: [22m[39mStep = 26; number of paths = 2048, time = 5.152 sec; memory allocated = 259.989 GB; gc time = 0.111 sec
[36m[1m[ [22m[39m[36m[1mInfo: [22m[39mStep = 27; number of paths = 2048, time = 5.07 sec; memory allocated = 259.989 GB; gc time = 0.133 sec
[36m[1m[ [22m[39m[36m[1mInfo: [22m[39mStep = 28; number of paths = 2048, time = 5.419 sec; memory allocated = 259.989 GB; gc time = 0.171 sec
[36m[1m[ [22m[39m[36m[1mInfo: [22m[39mStep = 29; number of paths = 2048, time = 5.435 sec; memory allocated = 259.989 GB; gc time = 0.292 sec
[36m[1m[ [22m[39m[36m[1mInfo: [22m[39mStep = 30; number of paths = 2048, time = 5.405 sec; memory allocated = 259.989 GB; gc time = 0.107 sec
[36m[1m[ [22m[39m[36m[1mInfo: [22m[39mStep = 31; number of paths = 2048, time = 5.324 sec; memory allocated = 259.989 GB; gc time = 0.128 sec
[36m[1m[ [22m[39m[36m[1mInfo: [22m[39mStep = 32; number of paths = 2048, time = 4.908 sec; memory allocated = 259.989 GB; gc time = 0.119 sec
[36m[1m[ [22m[39m[36m[1mInfo: [22m[39mStep = 33; number of paths = 2048, time = 5.283 sec; memory allocated = 259.989 GB; gc time = 0.13 sec
[36m[1m[ [22m[39m[36m[1mInfo: [22m[39mStep = 34; number of paths = 2048, time = 5.147 sec; memory allocated = 259.989 GB; gc time = 0.303 sec
[36m[1m[ [22m[39m[36m[1mInfo: [22m[39mStep = 35; number of paths = 2048, time = 5.011 sec; memory allocated = 259.989 GB; gc time = 0.102 sec
[36m[1m[ [22m[39m[36m[1mInfo: [22m[39mStep = 36; number of paths = 2048, time = 5.058 sec; memory allocated = 259.989 GB; gc time = 0.152 sec
[36m[1m[ [22m[39m[36m[1mInfo: [22m[39mStep = 37; number of paths = 2048, time = 4.864 sec; memory allocated = 259.989 GB; gc time = 0.097 sec
[36m[1m[ [22m[39m[36m[1mInfo: [22m[39mStep = 38; number of paths = 2048, time = 4.925 sec; memory allocated = 259.989 GB; gc time = 0.097 sec
[36m[1m[ [22m[39m[36m[1mInfo: [22m[39mStep = 39; number of paths = 2048, time = 4.843 sec; memory allocated = 259.989 GB; gc time = 0.081 sec
[36m[1m[ [22m[39m[36m[1mInfo: [22m[39mStep = 40; number of paths = 2048, time = 5.054 sec; memory allocated = 259.989 GB; gc time = 0.246 sec
[36m[1m[ [22m[39m[36m[1mInfo: [22m[39mStep = 41; number of paths = 2048, time = 4.99 sec; memory allocated = 259.989 GB; gc time = 0.077 sec
[36m[1m[ [22m[39m[36m[1mInfo: [22m[39mStep = 42; number of paths = 2048, time = 5.054 sec; memory allocated = 259.988 GB; gc time = 0.092 sec
[36m[1m[ [22m[39m[36m[1mInfo: [22m[39mStep = 43; number of paths = 2048, time = 4.924 sec; memory allocated = 259.988 GB; gc time = 0.112 sec
[36m[1m[ [22m[39m[36m[1mInfo: [22m[39mStep = 44; number of paths = 2048, time = 4.799 sec; memory allocated = 259.988 GB; gc time = 0.085 sec
[36m[1m[ [22m[39m[36m[1mInfo: [22m[39mStep = 45; number of paths = 2048, time = 4.837 sec; memory allocated = 259.988 GB; gc time = 0.095 sec
[36m[1m[ [22m[39m[36m[1mInfo: [22m[39mStep = 46; number of paths = 2048, time = 5.268 sec; memory allocated = 259.988 GB; gc time = 0.251 sec
[36m[1m[ [22m[39m[36m[1mInfo: [22m[39mStep = 47; number of paths = 2048, time = 4.893 sec; memory allocated = 259.988 GB; gc time = 0.086 sec
[36m[1m[ [22m[39m[36m[1mInfo: [22m[39mStep = 48; number of paths = 2048, time = 5.053 sec; memory allocated = 259.988 GB; gc time = 0.108 sec
[36m[1m[ [22m[39m[36m[1mInfo: [22m[39mStep = 49; number of paths = 2044, time = 5.119 sec; memory allocated = 259.984 GB; gc time = 0.084 sec
[36m[1m[ [22m[39m[36m[1mInfo: [22m[39mStep = 50; number of paths = 2008, time = 5.258 sec; memory allocated = 259.942 GB; gc time = 0.094 sec
[36m[1m[ [22m[39m[36m[1mInfo: [22m[39mStep = 51; number of paths = 2008, time = 5.191 sec; memory allocated = 259.942 GB; gc time = 0.278 sec
[36m[1m[ [22m[39m[36m[1mInfo: [22m[39mStep = 52; number of paths = 1864, time = 5.285 sec; memory allocated = 259.757 GB; gc time = 0.107 sec
[36m[1m[ [22m[39m[36m[1mInfo: [22m[39mStep = 53; number of paths = 1864, time = 4.984 sec; memory allocated = 259.757 GB; gc time = 0.151 sec
[36m[1m[ [22m[39m[36m[1mInfo: [22m[39mStep = 54; number of paths = 1528, time = 4.781 sec; memory allocated = 259.271 GB; gc time = 0.154 sec
[36m[1m[ [22m[39m[36m[1mInfo: [22m[39mStep = 55; number of paths = 1024, time = 5.03 sec; memory allocated = 258.4 GB; gc time = 0.158 sec
[36m[1m[ [22m[39m[36m[1mInfo: [22m[39mStep = 56; number of paths = 1024, time = 4.929 sec; memory allocated = 258.4 GB; gc time = 0.107 sec
[36m[1m[ [22m[39m[36m[1mInfo: [22m[39mStep = 57; number of paths = 520, time = 5.244 sec; memory allocated = 257.121 GB; gc time = 0.28 sec
[36m[1m[ [22m[39m[36m[1mInfo: [22m[39mStep = 58; number of paths = 184, time = 4.691 sec; memory allocated = 255.23 GB; gc time = 0.11 sec
[36m[1m[ [22m[39m[36m[1mInfo: [22m[39mStep = 59; number of paths = 184, time = 4.852 sec; memory allocated = 255.23 GB; gc time = 0.131 sec
[36m[1m[ [22m[39m[36m[1mInfo: [22m[39mStep = 60; number of paths = 520, time = 5.544 sec; memory allocated = 257.121 GB; gc time = 0.177 sec
[36m[1m[ [22m[39m[36m[1mInfo: [22m[39mStep = 61; number of paths = 1024, time = 5.512 sec; memory allocated = 258.4 GB; gc time = 0.166 sec
[36m[1m[ [22m[39m[36m[1mInfo: [22m[39mStep = 62; number of paths = 1024, time = 5.292 sec; memory allocated = 258.4 GB; gc time = 0.125 sec
[36m[1m[ [22m[39m[36m[1mInfo: [22m[39mStep = 63; number of paths = 1528, time = 5.031 sec; memory allocated = 259.271 GB; gc time = 0.267 sec
[36m[1m[ [22m[39m[36m[1mInfo: [22m[39mStep = 64; number of paths = 1864, time = 4.816 sec; memory allocated = 259.757 GB; gc time = 0.074 sec
[36m[1m[ [22m[39m[36m[1mInfo: [22m[39mStep = 65; number of paths = 1864, time = 5.16 sec; memory allocated = 259.757 GB; gc time = 0.108 sec
[36m[1m[ [22m[39m[36m[1mInfo: [22m[39mStep = 66; number of paths = 2008, time = 5.168 sec; memory allocated = 259.942 GB; gc time = 0.076 sec
[36m[1m[ [22m[39m[36m[1mInfo: [22m[39mStep = 67; number of paths = 2008, time = 5.369 sec; memory allocated = 259.942 GB; gc time = 0.126 sec
[36m[1m[ [22m[39m[36m[1mInfo: [22m[39mStep = 68; number of paths = 2044, time = 4.863 sec; memory allocated = 259.984 GB; gc time = 0.1 sec
[36m[1m[ [22m[39m[36m[1mInfo: [22m[39mStep = 69; number of paths = 2048, time = 5.07 sec; memory allocated = 259.988 GB; gc time = 0.248 sec
[36m[1m[ [22m[39m[36m[1mInfo: [22m[39mStep = 70; number of paths = 2048, time = 5.2 sec; memory allocated = 259.988 GB; gc time = 0.095 sec
[36m[1m[ [22m[39m[36m[1mInfo: [22m[39mStep = 71; number of paths = 2048, time = 4.872 sec; memory allocated = 259.988 GB; gc time = 0.095 sec
[36m[1m[ [22m[39m[36m[1mInfo: [22m[39mStep = 72; number of paths = 2048, time = 4.98 sec; memory allocated = 259.988 GB; gc time = 0.122 sec
[36m[1m[ [22m[39m[36m[1mInfo: [22m[39mStep = 73; number of paths = 2048, time = 5.374 sec; memory allocated = 259.988 GB; gc time = 0.085 sec
[36m[1m[ [22m[39m[36m[1mInfo: [22m[39mStep = 74; number of paths = 2048, time = 5.196 sec; memory allocated = 259.988 GB; gc time = 0.112 sec
[36m[1m[ [22m[39m[36m[1mInfo: [22m[39mStep = 75; number of paths = 2048, time = 5.299 sec; memory allocated = 259.988 GB; gc time = 0.241 sec
[36m[1m[ [22m[39m[36m[1mInfo: [22m[39mStep = 76; number of paths = 2048, time = 5.163 sec; memory allocated = 259.988 GB; gc time = 0.089 sec
[36m[1m[ [22m[39m[36m[1mInfo: [22m[39mStep = 77; number of paths = 2048, time = 4.931 sec; memory allocated = 259.988 GB; gc time = 0.111 sec
[36m[1m[ [22m[39m[36m[1mInfo: [22m[39mStep = 78; number of paths = 2048, time = 5.127 sec; memory allocated = 259.988 GB; gc time = 0.13 sec
[36m[1m[ [22m[39m[36m[1mInfo: [22m[39mStep = 79; number of paths = 2048, time = 5.197 sec; memory allocated = 259.988 GB; gc time = 0.182 sec
[36m[1m[ [22m[39m[36m[1mInfo: [22m[39mStep = 80; number of paths = 2048, time = 5.44 sec; memory allocated = 259.988 GB; gc time = 0.149 sec
[36m[1m[ [22m[39m[36m[1mInfo: [22m[39mStep = 81; number of paths = 2048, time = 5.346 sec; memory allocated = 259.988 GB; gc time = 0.261 sec
[36m[1m[ [22m[39m[36m[1mInfo: [22m[39mStep = 82; number of paths = 2048, time = 5.064 sec; memory allocated = 259.988 GB; gc time = 0.124 sec
[36m[1m[ [22m[39m[36m[1mInfo: [22m[39mStep = 83; number of paths = 2048, time = 5.205 sec; memory allocated = 259.988 GB; gc time = 0.154 sec
[36m[1m[ [22m[39m[36m[1mInfo: [22m[39mStep = 84; number of paths = 2048, time = 4.951 sec; memory allocated = 259.988 GB; gc time = 0.114 sec
[36m[1m[ [22m[39m[36m[1mInfo: [22m[39mStep = 85; number of paths = 2048, time = 5.494 sec; memory allocated = 259.988 GB; gc time = 0.18 sec
[36m[1m[ [22m[39m[36m[1mInfo: [22m[39mStep = 86; number of paths = 2048, time = 5.144 sec; memory allocated = 259.988 GB; gc time = 0.227 sec
[36m[1m[ [22m[39m[36m[1mInfo: [22m[39mStep = 87; number of paths = 2048, time = 5.04 sec; memory allocated = 259.988 GB; gc time = 0.19 sec
[36m[1m[ [22m[39m[36m[1mInfo: [22m[39mStep = 88; number of paths = 2048, time = 5.023 sec; memory allocated = 259.988 GB; gc time = 0.105 sec
[36m[1m[ [22m[39m[36m[1mInfo: [22m[39mStep = 89; number of paths = 2048, time = 5.595 sec; memory allocated = 259.988 GB; gc time = 0.106 sec
[36m[1m[ [22m[39m[36m[1mInfo: [22m[39mStep = 90; number of paths = 2048, time = 5.005 sec; memory allocated = 259.988 GB; gc time = 0.095 sec
[36m[1m[ [22m[39m[36m[1mInfo: [22m[39mStep = 91; number of paths = 2048, time = 5.247 sec; memory allocated = 259.988 GB; gc time = 0.093 sec
[36m[1m[ [22m[39m[36m[1mInfo: [22m[39mStep = 92; number of paths = 2048, time = 4.971 sec; memory allocated = 259.988 GB; gc time = 0.237 sec
[36m[1m[ [22m[39m[36m[1mInfo: [22m[39mStep = 93; number of paths = 2048, time = 5.12 sec; memory allocated = 259.988 GB; gc time = 0.083 sec
[36m[1m[ [22m[39m[36m[1mInfo: [22m[39mStep = 94; number of paths = 2048, time = 5.473 sec; memory allocated = 259.988 GB; gc time = 0.109 sec
[36m[1m[ [22m[39m[36m[1mInfo: [22m[39mStep = 95; number of paths = 2048, time = 5.404 sec; memory allocated = 259.988 GB; gc time = 0.109 sec
[36m[1m[ [22m[39m[36m[1mInfo: [22m[39mStep = 96; number of paths = 2048, time = 5.097 sec; memory allocated = 259.988 GB; gc time = 0.092 sec
[36m[1m[ [22m[39m[36m[1mInfo: [22m[39mStep = 97; number of paths = 2048, time = 5.547 sec; memory allocated = 259.988 GB; gc time = 0.09 sec
[36m[1m[ [22m[39m[36m[1mInfo: [22m[39mStep = 98; number of paths = 2048, time = 5.55 sec; memory allocated = 259.988 GB; gc time = 0.233 sec
[36m[1m[ [22m[39m[36m[1mInfo: [22m[39mStep = 99; number of paths = 2048, time = 5.115 sec; memory allocated = 259.988 GB; gc time = 0.089 sec
[36m[1m[ [22m[39m[36m[1mInfo: [22m[39mStep = 100; number of paths = 2048, time = 5.511 sec; memory allocated = 259.988 GB; gc time = 0.113 sec
[36m[1m[ [22m[39m[36m[1mInfo: [22m[39mStep = 101; number of paths = 2048, time = 4.878 sec; memory allocated = 259.988 GB; gc time = 0.104 sec
[36m[1m[ [22m[39m[36m[1mInfo: [22m[39mStep = 102; number of paths = 2048, time = 4.872 sec; memory allocated = 259.988 GB; gc time = 0.109 sec
[36m[1m[ [22m[39m[36m[1mInfo: [22m[39mStep = 103; number of paths = 2048, time = 5.089 sec; memory allocated = 259.988 GB; gc time = 0.119 sec
[36m[1m[ [22m[39m[36m[1mInfo: [22m[39mStep = 104; number of paths = 2048, time = 5.328 sec; memory allocated = 259.988 GB; gc time = 0.247 sec
[36m[1m[ [22m[39m[36m[1mInfo: [22m[39mStep = 105; number of paths = 2048, time = 4.987 sec; memory allocated = 259.988 GB; gc time = 0.164 sec
[36m[1m[ [22m[39m[36m[1mInfo: [22m[39mStep = 106; number of paths = 2044, time = 5.084 sec; memory allocated = 259.984 GB; gc time = 0.174 sec
[36m[1m[ [22m[39m[36m[1mInfo: [22m[39mStep = 107; number of paths = 2044, time = 5.184 sec; memory allocated = 259.984 GB; gc time = 0.151 sec
[36m[1m[ [22m[39m[36m[1mInfo: [22m[39mStep = 108; number of paths = 2008, time = 5.485 sec; memory allocated = 259.942 GB; gc time = 0.162 sec
[36m[1m[ [22m[39m[36m[1mInfo: [22m[39mStep = 109; number of paths = 1864, time = 4.838 sec; memory allocated = 259.757 GB; gc time = 0.121 sec
[36m[1m[ [22m[39m[36m[1mInfo: [22m[39mStep = 110; number of paths = 1864, time = 5.071 sec; memory allocated = 259.757 GB; gc time = 0.251 sec
[36m[1m[ [22m[39m[36m[1mInfo: [22m[39mStep = 111; number of paths = 1528, time = 5.195 sec; memory allocated = 259.271 GB; gc time = 0.158 sec
[36m[1m[ [22m[39m[36m[1mInfo: [22m[39mStep = 112; number of paths = 1528, time = 4.824 sec; memory allocated = 259.271 GB; gc time = 0.178 sec
[36m[1m[ [22m[39m[36m[1mInfo: [22m[39mStep = 113; number of paths = 1024, time = 5.226 sec; memory allocated = 258.399 GB; gc time = 0.16 sec
[36m[1m[ [22m[39m[36m[1mInfo: [22m[39mStep = 114; number of paths = 520, time = 5.002 sec; memory allocated = 257.121 GB; gc time = 0.119 sec
[36m[1m[ [22m[39m[36m[1mInfo: [22m[39mStep = 115; number of paths = 520, time = 5.328 sec; memory allocated = 257.121 GB; gc time = 0.288 sec
[36m[1m[ [22m[39m[36m[1mInfo: [22m[39mStep = 116; number of paths = 184, time = 5.042 sec; memory allocated = 255.23 GB; gc time = 0.127 sec
[36m[1m[ [22m[39m[36m[1mInfo: [22m[39mStep = 117; number of paths = 520, time = 5.407 sec; memory allocated = 257.121 GB; gc time = 0.107 sec
[36m[1m[ [22m[39m[36m[1mInfo: [22m[39mStep = 118; number of paths = 1024, time = 4.823 sec; memory allocated = 258.399 GB; gc time = 0.116 sec
[36m[1m[ [22m[39m[36m[1mInfo: [22m[39mStep = 119; number of paths = 1024, time = 5.259 sec; memory allocated = 258.399 GB; gc time = 0.096 sec
[36m[1m[ [22m[39m[36m[1mInfo: [22m[39mStep = 120; number of paths = 1528, time = 5.49 sec; memory allocated = 259.271 GB; gc time = 0.111 sec
[36m[1m[ [22m[39m[36m[1mInfo: [22m[39mStep = 121; number of paths = 1528, time = 5.354 sec; memory allocated = 259.271 GB; gc time = 0.349 sec
[36m[1m[ [22m[39m[36m[1mInfo: [22m[39mStep = 122; number of paths = 1864, time = 4.988 sec; memory allocated = 259.757 GB; gc time = 0.071 sec
[36m[1m[ [22m[39m[36m[1mInfo: [22m[39mStep = 123; number of paths = 1864, time = 5.45 sec; memory allocated = 259.782 GB; gc time = 0.105 sec
[36m[1m[ [22m[39m[36m[1mInfo: [22m[39mStep = 124; number of paths = 2008, time = 5.486 sec; memory allocated = 259.942 GB; gc time = 0.091 sec
[36m[1m[ [22m[39m[36m[1mInfo: [22m[39mStep = 125; number of paths = 2044, time = 5.341 sec; memory allocated = 259.984 GB; gc time = 0.114 sec
[36m[1m[ [22m[39m[36m[1mInfo: [22m[39mStep = 126; number of paths = 2044, time = 4.828 sec; memory allocated = 259.984 GB; gc time = 0.09 sec
