[34mWelcome to the QDSim program built on top of the QuantumDynamics.jl library:[39m
[31m- Bose, A. QuantumDynamics.jl: A Modular Approach to Simulations of Dynamics of Open Quantum Systems. The Journal of Chemical Physics 2023, 158 (20), 204113. https://doi.org/10.1063/5.0151483.[39m
[36m[1m[ [22m[39m[36m[1mInfo: [22m[39mUsing LBTConfig([ILP64] libmkl_rt.so, [LP64] libmkl_rt.so) for linear algebra.
[36m[1m[ [22m[39m[36m[1mInfo: [22m[39mRunning a complex time QuAPI simulation. Please cite:
[31m- Topaler, M.; Makri, N. Quantum rates for a double well coupled to a dissipative bath: Accurate path integral results and comparison with approximate theories. The Journal of Chemical Physics 1994, 101 (9), 7500-7519.[39m
[31m- Bose, A. Quantum correlation functions through tensor network path integral. The Journal of Chemical Physics 2023, 159 (21), 214110.[39m
[36m[1m[ [22m[39m[36m[1mInfo: [22m[39mRunning with 112 threads.
[36m[1m[ [22m[39m[36m[1mInfo: [22m[39mCalculating the partition function for normalization.
[36m[1m[ [22m[39m[36m[1mInfo: [22m[39mPartition function = 21.288721045940534.
[36m[1m[ [22m[39m[36m[1mInfo: [22m[39mSaving the equilibrium density matrix.
[36m[1m[ [22m[39m[36m[1mInfo: [22m[39mStep = 1; number of paths = 2008, time = 5.082 sec; memory allocated = 282.313 GB; gc time = 0.108 sec
[36m[1m[ [22m[39m[36m[1mInfo: [22m[39mStep = 2; number of paths = 2008, time = 5.132 sec; memory allocated = 259.941 GB; gc time = 0.127 sec
[36m[1m[ [22m[39m[36m[1mInfo: [22m[39mStep = 3; number of paths = 2008, time = 5.48 sec; memory allocated = 259.941 GB; gc time = 0.076 sec
[36m[1m[ [22m[39m[36m[1mInfo: [22m[39mStep = 4; number of paths = 2008, time = 5.183 sec; memory allocated = 259.941 GB; gc time = 0.094 sec
[36m[1m[ [22m[39m[36m[1mInfo: [22m[39mStep = 5; number of paths = 2044, time = 5.677 sec; memory allocated = 259.984 GB; gc time = 0.351 sec
[36m[1m[ [22m[39m[36m[1mInfo: [22m[39mStep = 6; number of paths = 2044, time = 5.072 sec; memory allocated = 259.984 GB; gc time = 0.088 sec
[36m[1m[ [22m[39m[36m[1mInfo: [22m[39mStep = 7; number of paths = 2048, time = 5.361 sec; memory allocated = 259.988 GB; gc time = 0.126 sec
[36m[1m[ [22m[39m[36m[1mInfo: [22m[39mStep = 8; number of paths = 2048, time = 5.293 sec; memory allocated = 259.988 GB; gc time = 0.133 sec
[36m[1m[ [22m[39m[36m[1mInfo: [22m[39mStep = 9; number of paths = 2048, time = 5.681 sec; memory allocated = 259.988 GB; gc time = 0.099 sec
[36m[1m[ [22m[39m[36m[1mInfo: [22m[39mStep = 10; number of paths = 2048, time = 5.694 sec; memory allocated = 259.988 GB; gc time = 0.318 sec
[36m[1m[ [22m[39m[36m[1mInfo: [22m[39mStep = 11; number of paths = 2048, time = 5.379 sec; memory allocated = 259.988 GB; gc time = 0.112 sec
[36m[1m[ [22m[39m[36m[1mInfo: [22m[39mStep = 12; number of paths = 2048, time = 5.426 sec; memory allocated = 259.988 GB; gc time = 0.12 sec
[36m[1m[ [22m[39m[36m[1mInfo: [22m[39mStep = 13; number of paths = 2048, time = 5.468 sec; memory allocated = 259.988 GB; gc time = 0.08 sec
[36m[1m[ [22m[39m[36m[1mInfo: [22m[39mStep = 14; number of paths = 2048, time = 5.25 sec; memory allocated = 259.988 GB; gc time = 0.109 sec
[36m[1m[ [22m[39m[36m[1mInfo: [22m[39mStep = 15; number of paths = 2048, time = 5.356 sec; memory allocated = 259.988 GB; gc time = 0.334 sec
[36m[1m[ [22m[39m[36m[1mInfo: [22m[39mStep = 16; number of paths = 2048, time = 5.04 sec; memory allocated = 259.988 GB; gc time = 0.062 sec
[36m[1m[ [22m[39m[36m[1mInfo: [22m[39mStep = 17; number of paths = 2048, time = 5.477 sec; memory allocated = 259.988 GB; gc time = 0.128 sec
[36m[1m[ [22m[39m[36m[1mInfo: [22m[39mStep = 18; number of paths = 2048, time = 5.249 sec; memory allocated = 259.988 GB; gc time = 0.099 sec
[36m[1m[ [22m[39m[36m[1mInfo: [22m[39mStep = 19; number of paths = 2048, time = 5.185 sec; memory allocated = 259.988 GB; gc time = 0.095 sec
[36m[1m[ [22m[39m[36m[1mInfo: [22m[39mStep = 20; number of paths = 2048, time = 5.372 sec; memory allocated = 259.989 GB; gc time = 0.102 sec
[36m[1m[ [22m[39m[36m[1mInfo: [22m[39mStep = 21; number of paths = 2048, time = 5.442 sec; memory allocated = 259.989 GB; gc time = 0.205 sec
[36m[1m[ [22m[39m[36m[1mInfo: [22m[39mStep = 22; number of paths = 2048, time = 5.211 sec; memory allocated = 259.989 GB; gc time = 0.106 sec
[36m[1m[ [22m[39m[36m[1mInfo: [22m[39mStep = 23; number of paths = 2048, time = 5.524 sec; memory allocated = 259.989 GB; gc time = 0.119 sec
[36m[1m[ [22m[39m[36m[1mInfo: [22m[39mStep = 24; number of paths = 2048, time = 5.163 sec; memory allocated = 259.989 GB; gc time = 0.101 sec
[36m[1m[ [22m[39m[36m[1mInfo: [22m[39mStep = 25; number of paths = 2048, time = 5.521 sec; memory allocated = 259.989 GB; gc time = 0.112 sec
[36m[1m[ [22m[39m[36m[1mInfo: [22m[39mStep = 26; number of paths = 2048, time = 5.48 sec; memory allocated = 259.989 GB; gc time = 0.472 sec
[36m[1m[ [22m[39m[36m[1mInfo: [22m[39mStep = 27; number of paths = 2048, time = 5.59 sec; memory allocated = 259.989 GB; gc time = 0.161 sec
[36m[1m[ [22m[39m[36m[1mInfo: [22m[39mStep = 28; number of paths = 2048, time = 5.417 sec; memory allocated = 259.989 GB; gc time = 0.129 sec
[36m[1m[ [22m[39m[36m[1mInfo: [22m[39mStep = 29; number of paths = 2048, time = 5.105 sec; memory allocated = 259.989 GB; gc time = 0.133 sec
[36m[1m[ [22m[39m[36m[1mInfo: [22m[39mStep = 30; number of paths = 2048, time = 5.198 sec; memory allocated = 259.989 GB; gc time = 0.142 sec
[36m[1m[ [22m[39m[36m[1mInfo: [22m[39mStep = 31; number of paths = 2048, time = 5.819 sec; memory allocated = 259.989 GB; gc time = 0.106 sec
[36m[1m[ [22m[39m[36m[1mInfo: [22m[39mStep = 32; number of paths = 2048, time = 5.267 sec; memory allocated = 259.989 GB; gc time = 0.332 sec
[36m[1m[ [22m[39m[36m[1mInfo: [22m[39mStep = 33; number of paths = 2048, time = 4.956 sec; memory allocated = 259.989 GB; gc time = 0.123 sec
[36m[1m[ [22m[39m[36m[1mInfo: [22m[39mStep = 34; number of paths = 2048, time = 5.559 sec; memory allocated = 259.989 GB; gc time = 0.178 sec
[36m[1m[ [22m[39m[36m[1mInfo: [22m[39mStep = 35; number of paths = 2048, time = 5.694 sec; memory allocated = 259.989 GB; gc time = 0.121 sec
[36m[1m[ [22m[39m[36m[1mInfo: [22m[39mStep = 36; number of paths = 2048, time = 5.163 sec; memory allocated = 259.989 GB; gc time = 0.114 sec
[36m[1m[ [22m[39m[36m[1mInfo: [22m[39mStep = 37; number of paths = 2048, time = 5.41 sec; memory allocated = 259.989 GB; gc time = 0.099 sec
[36m[1m[ [22m[39m[36m[1mInfo: [22m[39mStep = 38; number of paths = 2048, time = 5.219 sec; memory allocated = 259.989 GB; gc time = 0.266 sec
[36m[1m[ [22m[39m[36m[1mInfo: [22m[39mStep = 39; number of paths = 2048, time = 5.579 sec; memory allocated = 259.989 GB; gc time = 0.101 sec
[36m[1m[ [22m[39m[36m[1mInfo: [22m[39mStep = 40; number of paths = 2048, time = 5.355 sec; memory allocated = 259.989 GB; gc time = 0.083 sec
[36m[1m[ [22m[39m[36m[1mInfo: [22m[39mStep = 41; number of paths = 2048, time = 5.277 sec; memory allocated = 259.989 GB; gc time = 0.102 sec
[36m[1m[ [22m[39m[36m[1mInfo: [22m[39mStep = 42; number of paths = 2048, time = 5.514 sec; memory allocated = 259.988 GB; gc time = 0.104 sec
[36m[1m[ [22m[39m[36m[1mInfo: [22m[39mStep = 43; number of paths = 2048, time = 5.011 sec; memory allocated = 259.988 GB; gc time = 0.234 sec
[36m[1m[ [22m[39m[36m[1mInfo: [22m[39mStep = 44; number of paths = 2048, time = 5.474 sec; memory allocated = 259.988 GB; gc time = 0.075 sec
[36m[1m[ [22m[39m[36m[1mInfo: [22m[39mStep = 45; number of paths = 2048, time = 5.167 sec; memory allocated = 259.988 GB; gc time = 0.101 sec
[36m[1m[ [22m[39m[36m[1mInfo: [22m[39mStep = 46; number of paths = 2048, time = 4.916 sec; memory allocated = 259.988 GB; gc time = 0.095 sec
[36m[1m[ [22m[39m[36m[1mInfo: [22m[39mStep = 47; number of paths = 2048, time = 4.952 sec; memory allocated = 259.988 GB; gc time = 0.108 sec
[36m[1m[ [22m[39m[36m[1mInfo: [22m[39mStep = 48; number of paths = 2048, time = 5.593 sec; memory allocated = 259.988 GB; gc time = 0.098 sec
[36m[1m[ [22m[39m[36m[1mInfo: [22m[39mStep = 49; number of paths = 2048, time = 5.42 sec; memory allocated = 259.988 GB; gc time = 0.236 sec
[36m[1m[ [22m[39m[36m[1mInfo: [22m[39mStep = 50; number of paths = 2048, time = 5.074 sec; memory allocated = 259.988 GB; gc time = 0.108 sec
[36m[1m[ [22m[39m[36m[1mInfo: [22m[39mStep = 51; number of paths = 2048, time = 5.167 sec; memory allocated = 259.988 GB; gc time = 0.153 sec
[36m[1m[ [22m[39m[36m[1mInfo: [22m[39mStep = 52; number of paths = 2048, time = 5.461 sec; memory allocated = 259.988 GB; gc time = 0.139 sec
[36m[1m[ [22m[39m[36m[1mInfo: [22m[39mStep = 53; number of paths = 2044, time = 5.794 sec; memory allocated = 259.984 GB; gc time = 0.168 sec
[36m[1m[ [22m[39m[36m[1mInfo: [22m[39mStep = 54; number of paths = 2044, time = 4.973 sec; memory allocated = 259.984 GB; gc time = 0.169 sec
[36m[1m[ [22m[39m[36m[1mInfo: [22m[39mStep = 55; number of paths = 2008, time = 5.177 sec; memory allocated = 259.942 GB; gc time = 0.247 sec
[36m[1m[ [22m[39m[36m[1mInfo: [22m[39mStep = 56; number of paths = 2008, time = 5.412 sec; memory allocated = 259.942 GB; gc time = 0.125 sec
[36m[1m[ [22m[39m[36m[1mInfo: [22m[39mStep = 57; number of paths = 2008, time = 5.567 sec; memory allocated = 259.942 GB; gc time = 0.17 sec
[36m[1m[ [22m[39m[36m[1mInfo: [22m[39mStep = 58; number of paths = 2008, time = 4.857 sec; memory allocated = 259.942 GB; gc time = 0.128 sec
[36m[1m[ [22m[39m[36m[1mInfo: [22m[39mStep = 59; number of paths = 2008, time = 5.192 sec; memory allocated = 259.942 GB; gc time = 0.182 sec
[36m[1m[ [22m[39m[36m[1mInfo: [22m[39mStep = 60; number of paths = 2008, time = 5.488 sec; memory allocated = 259.942 GB; gc time = 0.238 sec
[36m[1m[ [22m[39m[36m[1mInfo: [22m[39mStep = 61; number of paths = 2008, time = 5.734 sec; memory allocated = 259.942 GB; gc time = 0.133 sec
[36m[1m[ [22m[39m[36m[1mInfo: [22m[39mStep = 62; number of paths = 2040, time = 5.851 sec; memory allocated = 259.977 GB; gc time = 0.105 sec
[36m[1m[ [22m[39m[36m[1mInfo: [22m[39mStep = 63; number of paths = 2044, time = 5.488 sec; memory allocated = 259.984 GB; gc time = 0.127 sec
[36m[1m[ [22m[39m[36m[1mInfo: [22m[39mStep = 64; number of paths = 2044, time = 5.071 sec; memory allocated = 259.984 GB; gc time = 0.103 sec
[36m[1m[ [22m[39m[36m[1mInfo: [22m[39mStep = 65; number of paths = 2048, time = 5.388 sec; memory allocated = 259.988 GB; gc time = 0.107 sec
[36m[1m[ [22m[39m[36m[1mInfo: [22m[39mStep = 66; number of paths = 2048, time = 5.099 sec; memory allocated = 259.988 GB; gc time = 0.246 sec
[36m[1m[ [22m[39m[36m[1mInfo: [22m[39mStep = 67; number of paths = 2048, time = 5.267 sec; memory allocated = 259.988 GB; gc time = 0.082 sec
[36m[1m[ [22m[39m[36m[1mInfo: [22m[39mStep = 68; number of paths = 2048, time = 4.957 sec; memory allocated = 259.988 GB; gc time = 0.116 sec
[36m[1m[ [22m[39m[36m[1mInfo: [22m[39mStep = 69; number of paths = 2048, time = 4.93 sec; memory allocated = 259.988 GB; gc time = 0.095 sec
[36m[1m[ [22m[39m[36m[1mInfo: [22m[39mStep = 70; number of paths = 2048, time = 5.071 sec; memory allocated = 259.988 GB; gc time = 0.112 sec
[36m[1m[ [22m[39m[36m[1mInfo: [22m[39mStep = 71; number of paths = 2048, time = 5.293 sec; memory allocated = 259.988 GB; gc time = 0.098 sec
[36m[1m[ [22m[39m[36m[1mInfo: [22m[39mStep = 72; number of paths = 2048, time = 5.051 sec; memory allocated = 259.988 GB; gc time = 0.239 sec
[36m[1m[ [22m[39m[36m[1mInfo: [22m[39mStep = 73; number of paths = 2048, time = 4.844 sec; memory allocated = 259.988 GB; gc time = 0.102 sec
[36m[1m[ [22m[39m[36m[1mInfo: [22m[39mStep = 74; number of paths = 2048, time = 5.166 sec; memory allocated = 259.988 GB; gc time = 0.094 sec
[36m[1m[ [22m[39m[36m[1mInfo: [22m[39mStep = 75; number of paths = 2048, time = 4.936 sec; memory allocated = 259.988 GB; gc time = 0.107 sec
[36m[1m[ [22m[39m[36m[1mInfo: [22m[39mStep = 76; number of paths = 2048, time = 5.316 sec; memory allocated = 259.988 GB; gc time = 0.125 sec
[36m[1m[ [22m[39m[36m[1mInfo: [22m[39mStep = 77; number of paths = 2048, time = 5.527 sec; memory allocated = 259.988 GB; gc time = 0.162 sec
[36m[1m[ [22m[39m[36m[1mInfo: [22m[39mStep = 78; number of paths = 2048, time = 5.543 sec; memory allocated = 259.988 GB; gc time = 0.265 sec
[36m[1m[ [22m[39m[36m[1mInfo: [22m[39mStep = 79; number of paths = 2048, time = 5.121 sec; memory allocated = 259.988 GB; gc time = 0.143 sec
[36m[1m[ [22m[39m[36m[1mInfo: [22m[39mStep = 80; number of paths = 2048, time = 5.116 sec; memory allocated = 259.988 GB; gc time = 0.159 sec
[36m[1m[ [22m[39m[36m[1mInfo: [22m[39mStep = 81; number of paths = 2048, time = 5.32 sec; memory allocated = 259.988 GB; gc time = 0.134 sec
[36m[1m[ [22m[39m[36m[1mInfo: [22m[39mStep = 82; number of paths = 2048, time = 5.116 sec; memory allocated = 259.988 GB; gc time = 0.139 sec
[36m[1m[ [22m[39m[36m[1mInfo: [22m[39mStep = 83; number of paths = 2048, time = 6.02 sec; memory allocated = 259.988 GB; gc time = 0.298 sec
[36m[1m[ [22m[39m[36m[1mInfo: [22m[39mStep = 84; number of paths = 2048, time = 5.457 sec; memory allocated = 259.988 GB; gc time = 0.164 sec
[36m[1m[ [22m[39m[36m[1mInfo: [22m[39mStep = 85; number of paths = 2048, time = 4.951 sec; memory allocated = 259.988 GB; gc time = 0.149 sec
[36m[1m[ [22m[39m[36m[1mInfo: [22m[39mStep = 86; number of paths = 2048, time = 4.918 sec; memory allocated = 259.988 GB; gc time = 0.151 sec
[36m[1m[ [22m[39m[36m[1mInfo: [22m[39mStep = 87; number of paths = 2048, time = 5.393 sec; memory allocated = 259.988 GB; gc time = 0.085 sec
[36m[1m[ [22m[39m[36m[1mInfo: [22m[39mStep = 88; number of paths = 2048, time = 5.006 sec; memory allocated = 259.988 GB; gc time = 0.1 sec
[36m[1m[ [22m[39m[36m[1mInfo: [22m[39mStep = 89; number of paths = 2048, time = 5.395 sec; memory allocated = 259.988 GB; gc time = 0.224 sec
[36m[1m[ [22m[39m[36m[1mInfo: [22m[39mStep = 90; number of paths = 2048, time = 5.288 sec; memory allocated = 259.988 GB; gc time = 0.11 sec
[36m[1m[ [22m[39m[36m[1mInfo: [22m[39mStep = 91; number of paths = 2048, time = 5.662 sec; memory allocated = 259.988 GB; gc time = 0.117 sec
[36m[1m[ [22m[39m[36m[1mInfo: [22m[39mStep = 92; number of paths = 2048, time = 5.466 sec; memory allocated = 259.988 GB; gc time = 0.124 sec
[36m[1m[ [22m[39m[36m[1mInfo: [22m[39mStep = 93; number of paths = 2048, time = 5.143 sec; memory allocated = 259.988 GB; gc time = 0.097 sec
[36m[1m[ [22m[39m[36m[1mInfo: [22m[39mStep = 94; number of paths = 2048, time = 5.935 sec; memory allocated = 259.988 GB; gc time = 0.216 sec
[36m[1m[ [22m[39m[36m[1mInfo: [22m[39mStep = 95; number of paths = 2048, time = 5.101 sec; memory allocated = 259.988 GB; gc time = 0.109 sec
[36m[1m[ [22m[39m[36m[1mInfo: [22m[39mStep = 96; number of paths = 2048, time = 5.425 sec; memory allocated = 259.988 GB; gc time = 0.118 sec
[36m[1m[ [22m[39m[36m[1mInfo: [22m[39mStep = 97; number of paths = 2048, time = 5.501 sec; memory allocated = 259.988 GB; gc time = 0.124 sec
[36m[1m[ [22m[39m[36m[1mInfo: [22m[39mStep = 98; number of paths = 2048, time = 5.014 sec; memory allocated = 259.988 GB; gc time = 0.113 sec
[36m[1m[ [22m[39m[36m[1mInfo: [22m[39mStep = 99; number of paths = 2048, time = 5.341 sec; memory allocated = 259.988 GB; gc time = 0.178 sec
[36m[1m[ [22m[39m[36m[1mInfo: [22m[39mStep = 100; number of paths = 2048, time = 5.157 sec; memory allocated = 259.988 GB; gc time = 0.14 sec
[36m[1m[ [22m[39m[36m[1mInfo: [22m[39mStep = 101; number of paths = 2048, time = 5.473 sec; memory allocated = 259.988 GB; gc time = 0.106 sec
[36m[1m[ [22m[39m[36m[1mInfo: [22m[39mStep = 102; number of paths = 2048, time = 5.008 sec; memory allocated = 259.988 GB; gc time = 0.169 sec
[36m[1m[ [22m[39m[36m[1mInfo: [22m[39mStep = 103; number of paths = 2048, time = 4.914 sec; memory allocated = 259.988 GB; gc time = 0.153 sec
[36m[1m[ [22m[39m[36m[1mInfo: [22m[39mStep = 104; number of paths = 2048, time = 5.551 sec; memory allocated = 259.988 GB; gc time = 0.165 sec
[36m[1m[ [22m[39m[36m[1mInfo: [22m[39mStep = 105; number of paths = 2048, time = 4.936 sec; memory allocated = 259.988 GB; gc time = 0.258 sec
[36m[1m[ [22m[39m[36m[1mInfo: [22m[39mStep = 106; number of paths = 2048, time = 5.446 sec; memory allocated = 259.988 GB; gc time = 0.159 sec
[36m[1m[ [22m[39m[36m[1mInfo: [22m[39mStep = 107; number of paths = 2048, time = 5.501 sec; memory allocated = 259.988 GB; gc time = 0.14 sec
[36m[1m[ [22m[39m[36m[1mInfo: [22m[39mStep = 108; number of paths = 2048, time = 5.101 sec; memory allocated = 259.988 GB; gc time = 0.16 sec
[36m[1m[ [22m[39m[36m[1mInfo: [22m[39mStep = 109; number of paths = 2048, time = 5.187 sec; memory allocated = 259.988 GB; gc time = 0.184 sec
[36m[1m[ [22m[39m[36m[1mInfo: [22m[39mStep = 110; number of paths = 2044, time = 5.671 sec; memory allocated = 259.984 GB; gc time = 0.267 sec
[36m[1m[ [22m[39m[36m[1mInfo: [22m[39mStep = 111; number of paths = 2044, time = 5.351 sec; memory allocated = 259.984 GB; gc time = 0.125 sec
[36m[1m[ [22m[39m[36m[1mInfo: [22m[39mStep = 112; number of paths = 2044, time = 5.073 sec; memory allocated = 259.984 GB; gc time = 0.105 sec
[36m[1m[ [22m[39m[36m[1mInfo: [22m[39mStep = 113; number of paths = 2008, time = 5.667 sec; memory allocated = 259.942 GB; gc time = 0.1 sec
[36m[1m[ [22m[39m[36m[1mInfo: [22m[39mStep = 114; number of paths = 2008, time = 5.46 sec; memory allocated = 259.942 GB; gc time = 0.132 sec
[36m[1m[ [22m[39m[36m[1mInfo: [22m[39mStep = 115; number of paths = 2008, time = 5.564 sec; memory allocated = 259.942 GB; gc time = 0.101 sec
[36m[1m[ [22m[39m[36m[1mInfo: [22m[39mStep = 116; number of paths = 2008, time = 5.524 sec; memory allocated = 259.942 GB; gc time = 0.216 sec
[36m[1m[ [22m[39m[36m[1mInfo: [22m[39mStep = 117; number of paths = 2008, time = 5.699 sec; memory allocated = 259.942 GB; gc time = 0.115 sec
[36m[1m[ [22m[39m[36m[1mInfo: [22m[39mStep = 118; number of paths = 2008, time = 5.241 sec; memory allocated = 259.942 GB; gc time = 0.11 sec
[36m[1m[ [22m[39m[36m[1mInfo: [22m[39mStep = 119; number of paths = 2008, time = 4.971 sec; memory allocated = 259.942 GB; gc time = 0.08 sec
[36m[1m[ [22m[39m[36m[1mInfo: [22m[39mStep = 120; number of paths = 2044, time = 5.533 sec; memory allocated = 259.984 GB; gc time = 0.129 sec
[36m[1m[ [22m[39m[36m[1mInfo: [22m[39mStep = 121; number of paths = 2044, time = 5.3 sec; memory allocated = 259.984 GB; gc time = 0.232 sec
[36m[1m[ [22m[39m[36m[1mInfo: [22m[39mStep = 122; number of paths = 2048, time = 4.977 sec; memory allocated = 259.988 GB; gc time = 0.108 sec
[36m[1m[ [22m[39m[36m[1mInfo: [22m[39mStep = 123; number of paths = 2048, time = 4.955 sec; memory allocated = 259.988 GB; gc time = 0.104 sec
[36m[1m[ [22m[39m[36m[1mInfo: [22m[39mStep = 124; number of paths = 2048, time = 5.402 sec; memory allocated = 259.988 GB; gc time = 0.114 sec
[36m[1m[ [22m[39m[36m[1mInfo: [22m[39mStep = 125; number of paths = 2048, time = 4.8 sec; memory allocated = 259.988 GB; gc time = 0.083 sec
[36m[1m[ [22m[39m[36m[1mInfo: [22m[39mStep = 126; number of paths = 2048, time = 5.202 sec; memory allocated = 259.988 GB; gc time = 0.132 sec
